Vivado Simulator 2020.1
Time resolution is 1 ps
Dupa 4_1 Inainte de mux2_1
xxxxxxxx
00000000
0
xxxxxxxx
Inainte de mux
00000000
00000000
00000000
00000000
Dupa ALU
2
xxxxxxxx
xxxxxxxxxxxxxxxxxxxxxxxxxxxxxxxx
xxxxxxxx
Dupa ALU
2
00000000
00000000000000000000000000000000
xxxxxxxx
Dupa 4_1 Inainte de mux2_1
00000000
00000000
0
00000000
Dupa ALU
2
00000000
00000000000000000000000000000000
00000000
Inainte de mux
00000001
00000000
00000000
00000000
Dupa ALU
2
00000001
00000000000000000000000000000000
00000000
Dupa ALU
2
00000001
00000000000000000000000000000000
00000001
Dupa 4_1 Inainte de mux2_1
00000000
00000001
1
00000001
Inainte de mux
00000001
00000001
00000000
00000001
Dupa ALU
2
00000001
00000000000000000000000000000001
00000001
Dupa 4_1 Inainte de mux2_1
00000001
00000001
1
00000001
Dupa ALU
2
00000001
00000000000000000000000000000001
00000002
Dupa 4_1 Inainte de mux2_1
00000001
00000000
0
00000001
Inainte de mux
00000001
00000002
00000001
00000002
Dupa 4_1 Inainte de mux2_1
00000002
00000000
0
00000002
Dupa ALU
0
00000001
00000000000000000000000000000010
00000002
Dupa ALU
0
00000001
00000000000000000000000000000010
00000000
Dupa ALU
0
00000002
00000000000000000000000000000001
00000000
Dupa 4_1 Inainte de mux2_1
00000001
00000000
0
00000001
Dupa 4_1 Inainte de mux2_1
00000001
00000001
1
00000001
Inainte de mux
00000001
00000001
00000002
00000000
Dupa 4_1 Inainte de mux2_1
00000002
00000001
1
00000001
Dupa ALU
1
00000000
00000000000000000000000000000001
00000000
Dupa ALU
1
00000000
00000000000000000000000000000001
00000001
Dupa ALU
1
00000002
00000000000000000000000000000001
00000001
Dupa ALU
1
00000002
00000000000000000000000000000001
00000003
Dupa 4_1 Inainte de mux2_1
00000002
00000004
1
00000004
Inainte de mux
00000005
00000004
00000000
00000003
Dupa ALU
1
00000002
00000000000000000000000000000100
00000003
Dupa ALU
2
00000000
00000000000000000000000000000100
00000003
Dupa 4_1 Inainte de mux2_1
00000000
00000004
1
00000004
Dupa ALU
2
00000000
00000000000000000000000000000100
00000004
Dupa ALU
2
00000005
00000000000000000000000000000100
00000004
Dupa 4_1 Inainte de mux2_1
00000003
00000004
1
00000004
Dupa ALU
2
00000005
00000000000000000000000000000100
00000009
Dupa 4_1 Inainte de mux2_1
00000003
00000008
1
00000008
Inainte de mux
00000000
00000008
00000003
00000009
Dupa ALU
2
00000005
00000000000000000000000000001000
00000009
Dupa ALU
2
00000000
00000000000000000000000000001000
00000009
Dupa 4_1 Inainte de mux2_1
00000009
00000008
1
00000008
Dupa ALU
2
00000000
00000000000000000000000000001000
00000008
Dupa 4_1 Inainte de mux2_1
00000008
00000008
1
00000008
Dupa 4_1 Inainte de mux2_1
00000008
0000005c
0
00000008
Inainte de mux
00000012
00000000
00000009
00000008
Dupa ALU
6
00000012
00000000000000000000000000000000
00000008
Dupa 4_1 Inainte de mux2_1
00000000
0000005c
0
00000000
Dupa ALU
6
00000012
00000000000000000000000000000000
00000012
Dupa 4_1 Inainte de mux2_1
00000000
xxxxxxxx
0
00000000
Inainte de mux
xxxxxxxx
xxxxxxxx
00000003
00000012
Dupa ALU
2
xxxxxxxx
xxxxxxxxxxxxxxxxxxxxxxxxxxxxxxxx
00000012
Dupa 4_1 Inainte de mux2_1
xxxxxxxx
xxxxxxxx
0
xxxxxxxx
Dupa ALU
2
xxxxxxxx
xxxxxxxxxxxxxxxxxxxxxxxxxxxxxxxx
xxxxxxxx
Inainte de mux
xxxxxxxx
xxxxxxxx
00000012
xxxxxxxx
Inainte de mux
xxxxxxxx
xxxxxxxx
xxxxxxxx
xxxxxxxx
$finish called at time : 210 ns : File "S:/Cristi/OneDrive - Universitatea Politehnica Bucuresti/ACS -- Seria CC/Anul 3/Semestrul 1/CN2/Lab/Lucrare3/IF_ID/IF_ID.srcs/sim_1/new/test_riscv.v" Line 31
