INFO: [VRFC 10-2263] Analyzing Verilog file "S:/Cristi/OneDrive - Universitatea Politehnica Bucuresti/ACS -- Seria CC/Anul 3/Semestrul 1/CN2/Lab/Lucrare3/IF_ID/IF_ID.srcs/sources_1/new/ALU.v" into library xil_defaultlib
INFO: [VRFC 10-311] analyzing module ALU
INFO: [VRFC 10-2263] Analyzing Verilog file "S:/Cristi/OneDrive - Universitatea Politehnica Bucuresti/ACS -- Seria CC/Anul 3/Semestrul 1/CN2/Lab/Lucrare3/IF_ID/IF_ID.srcs/sources_1/new/ALUcontrol.v" into library xil_defaultlib
INFO: [VRFC 10-311] analyzing module ALUcontrol
INFO: [VRFC 10-2263] Analyzing Verilog file "S:/Cristi/OneDrive - Universitatea Politehnica Bucuresti/ACS -- Seria CC/Anul 3/Semestrul 1/CN2/Lab/Lucrare3/IF_ID/IF_ID.srcs/sources_1/new/EX.v" into library xil_defaultlib
INFO: [VRFC 10-311] analyzing module EX
INFO: [VRFC 10-2263] Analyzing Verilog file "S:/Cristi/OneDrive - Universitatea Politehnica Bucuresti/ACS -- Seria CC/Anul 3/Semestrul 1/CN2/Lab/Lucrare3/IF_ID/IF_ID.srcs/sources_1/new/EX_MEM.v" into library xil_defaultlib
INFO: [VRFC 10-311] analyzing module EX_MEM
INFO: [VRFC 10-2263] Analyzing Verilog file "S:/Cristi/OneDrive - Universitatea Politehnica Bucuresti/ACS -- Seria CC/Anul 3/Semestrul 1/CN2/Lab/Lucrare3/IF_ID/IF_ID.srcs/sources_1/new/ID.v" into library xil_defaultlib
INFO: [VRFC 10-311] analyzing module ID
INFO: [VRFC 10-2263] Analyzing Verilog file "S:/Cristi/OneDrive - Universitatea Politehnica Bucuresti/ACS -- Seria CC/Anul 3/Semestrul 1/CN2/Lab/Lucrare3/IF_ID/IF_ID.srcs/sources_1/new/ID_EX_reg.v" into library xil_defaultlib
INFO: [VRFC 10-311] analyzing module ID_EX_reg
INFO: [VRFC 10-2263] Analyzing Verilog file "S:/Cristi/OneDrive - Universitatea Politehnica Bucuresti/ACS -- Seria CC/Anul 3/Semestrul 1/CN2/Lab/Lucrare3/IF_ID/IF_ID.srcs/sources_1/new/IF.v" into library xil_defaultlib
INFO: [VRFC 10-311] analyzing module IF
INFO: [VRFC 10-2263] Analyzing Verilog file "S:/Cristi/OneDrive - Universitatea Politehnica Bucuresti/ACS -- Seria CC/Anul 3/Semestrul 1/CN2/Lab/Lucrare3/IF_ID/IF_ID.srcs/sources_1/new/MEM_WB.v" into library xil_defaultlib
INFO: [VRFC 10-311] analyzing module MEM_WB
INFO: [VRFC 10-2263] Analyzing Verilog file "S:/Cristi/OneDrive - Universitatea Politehnica Bucuresti/ACS -- Seria CC/Anul 3/Semestrul 1/CN2/Lab/Lucrare3/IF_ID/IF_ID.srcs/sources_1/imports/IF_ID/PC.v" into library xil_defaultlib
INFO: [VRFC 10-311] analyzing module PC
INFO: [VRFC 10-2263] Analyzing Verilog file "S:/Cristi/OneDrive - Universitatea Politehnica Bucuresti/ACS -- Seria CC/Anul 3/Semestrul 1/CN2/Lab/Lucrare3/IF_ID/IF_ID.srcs/sources_1/imports/IF_ID/adder.v" into library xil_defaultlib
INFO: [VRFC 10-311] analyzing module adder
INFO: [VRFC 10-2263] Analyzing Verilog file "S:/Cristi/OneDrive - Universitatea Politehnica Bucuresti/ACS -- Seria CC/Anul 3/Semestrul 1/CN2/Lab/Lucrare3/IF_ID/IF_ID.srcs/sources_1/new/and.v" into library xil_defaultlib
INFO: [VRFC 10-311] analyzing module and_gate
INFO: [VRFC 10-2263] Analyzing Verilog file "S:/Cristi/OneDrive - Universitatea Politehnica Bucuresti/ACS -- Seria CC/Anul 3/Semestrul 1/CN2/Lab/Lucrare3/IF_ID/IF_ID.srcs/sources_1/imports/IF_ID/control_path.v" into library xil_defaultlib
INFO: [VRFC 10-311] analyzing module control_path
INFO: [VRFC 10-2263] Analyzing Verilog file "S:/Cristi/OneDrive - Universitatea Politehnica Bucuresti/ACS -- Seria CC/Anul 3/Semestrul 1/CN2/Lab/Lucrare3/IF_ID/IF_ID.srcs/sources_1/new/data_memory.v" into library xil_defaultlib
INFO: [VRFC 10-311] analyzing module data_memory
INFO: [VRFC 10-2263] Analyzing Verilog file "S:/Cristi/OneDrive - Universitatea Politehnica Bucuresti/ACS -- Seria CC/Anul 3/Semestrul 1/CN2/Lab/Lucrare3/IF_ID/IF_ID.srcs/sources_1/new/forwarding.v" into library xil_defaultlib
INFO: [VRFC 10-311] analyzing module forwarding
INFO: [VRFC 10-2263] Analyzing Verilog file "S:/Cristi/OneDrive - Universitatea Politehnica Bucuresti/ACS -- Seria CC/Anul 3/Semestrul 1/CN2/Lab/Lucrare3/IF_ID/IF_ID.srcs/sources_1/new/hazard_detection.v" into library xil_defaultlib
INFO: [VRFC 10-311] analyzing module hazard_detection
INFO: [VRFC 10-2263] Analyzing Verilog file "S:/Cristi/OneDrive - Universitatea Politehnica Bucuresti/ACS -- Seria CC/Anul 3/Semestrul 1/CN2/Lab/Lucrare3/IF_ID/IF_ID.srcs/sources_1/imports/IF_ID/if_id_pipe.v" into library xil_defaultlib
INFO: [VRFC 10-311] analyzing module IF_ID_reg
INFO: [VRFC 10-2263] Analyzing Verilog file "S:/Cristi/OneDrive - Universitatea Politehnica Bucuresti/ACS -- Seria CC/Anul 3/Semestrul 1/CN2/Lab/Lucrare3/IF_ID/IF_ID.srcs/sources_1/imports/IF_ID/imm_gen.v" into library xil_defaultlib
INFO: [VRFC 10-311] analyzing module imm_gen
INFO: [VRFC 10-2263] Analyzing Verilog file "S:/Cristi/OneDrive - Universitatea Politehnica Bucuresti/ACS -- Seria CC/Anul 3/Semestrul 1/CN2/Lab/Lucrare3/IF_ID/IF_ID.srcs/sources_1/imports/IF_ID/instruction_memory.v" into library xil_defaultlib
INFO: [VRFC 10-311] analyzing module instruction_memory
INFO: [VRFC 10-2263] Analyzing Verilog file "S:/Cristi/OneDrive - Universitatea Politehnica Bucuresti/ACS -- Seria CC/Anul 3/Semestrul 1/CN2/Lab/Lucrare3/IF_ID/IF_ID.srcs/sources_1/imports/IF_ID/mux2_1.v" into library xil_defaultlib
INFO: [VRFC 10-311] analyzing module mux2_1
INFO: [VRFC 10-2263] Analyzing Verilog file "S:/Cristi/OneDrive - Universitatea Politehnica Bucuresti/ACS -- Seria CC/Anul 3/Semestrul 1/CN2/Lab/Lucrare3/IF_ID/IF_ID.srcs/sources_1/new/mux4_1.v" into library xil_defaultlib
INFO: [VRFC 10-311] analyzing module mux4_1
INFO: [VRFC 10-2263] Analyzing Verilog file "S:/Cristi/OneDrive - Universitatea Politehnica Bucuresti/ACS -- Seria CC/Anul 3/Semestrul 1/CN2/Lab/Lucrare3/IF_ID/IF_ID.srcs/sources_1/imports/IF_ID/registers.v" into library xil_defaultlib
INFO: [VRFC 10-311] analyzing module registers
INFO: [VRFC 10-2263] Analyzing Verilog file "S:/Cristi/OneDrive - Universitatea Politehnica Bucuresti/ACS -- Seria CC/Anul 3/Semestrul 1/CN2/Lab/Lucrare3/IF_ID/IF_ID.srcs/sources_1/imports/IF_ID/risc_v.v" into library xil_defaultlib
INFO: [VRFC 10-311] analyzing module RISC_V_IF_ID
WARNING: [VRFC 10-3248] data object 'forwardA' is already declared [S:/Cristi/OneDrive - Universitatea Politehnica Bucuresti/ACS -- Seria CC/Anul 3/Semestrul 1/CN2/Lab/Lucrare3/IF_ID/IF_ID.srcs/sources_1/imports/IF_ID/risc_v.v:101]
WARNING: [VRFC 10-3703] second declaration of 'forwardA' ignored [S:/Cristi/OneDrive - Universitatea Politehnica Bucuresti/ACS -- Seria CC/Anul 3/Semestrul 1/CN2/Lab/Lucrare3/IF_ID/IF_ID.srcs/sources_1/imports/IF_ID/risc_v.v:101]
INFO: [VRFC 10-2263] Analyzing Verilog file "S:/Cristi/OneDrive - Universitatea Politehnica Bucuresti/ACS -- Seria CC/Anul 3/Semestrul 1/CN2/Lab/Lucrare3/IF_ID/IF_ID.srcs/sim_1/new/test_riscv.v" into library xil_defaultlib
INFO: [VRFC 10-311] analyzing module RISC_V_TB
