#
# A fatal error has been detected by the Java Runtime Environment:
#
#  EXCEPTION_ACCESS_VIOLATION (0xc0000005) at pc=0x00007ff845bd1ce9, pid=17244, tid=17792
#
# JRE version: Java(TM) SE Runtime Environment (9.0+11) (build 9.0.4+11)
# Java VM: Java HotSpot(TM) 64-Bit Server VM (9.0.4+11, mixed mode, tiered, compressed oops, g1 gc, windows-amd64)
# Problematic frame:
# C  0x00007ff845bd1ce9
#
# No core dump will be written. Minidumps are not enabled by default on client versions of Windows
#
# If you would like to submit a bug report, please visit:
#   http://bugreport.java.com/bugreport/crash.jsp
# The crash happened outside the Java Virtual Machine in native code.
# See problematic frame for where to report the bug.
#

---------------  S U M M A R Y ------------

Command Line: -Dsun.java2d.pmoffscreen=false -Dsun.java2d.xrender=false -Dsun.java2d.d3d=false -Dsun.awt.nopixfmt=true -Dsun.java2d.dpiaware=true -Dsun.java2d.uiScale.enabled=false -Xverify:none -Dswing.aatext=true -XX:-UsePerfData -Djdk.map.althashing.threshold=512 -XX:StringTableSize=4072 --add-opens=java.base/java.nio=ALL-UNNAMED --add-opens=java.desktop/sun.swing=ALL-UNNAMED --add-opens=java.desktop/javax.swing=ALL-UNNAMED --add-opens=java.desktop/javax.swing.tree=ALL-UNNAMED --add-opens=java.desktop/javax.swing.plaf.basic=ALL-UNNAMED --add-opens=java.desktop/javax.swing.plaf.synth=ALL-UNNAMED --add-opens=java.desktop/com.sun.awt=ALL-UNNAMED -XX:NewSize=60m -XX:MaxNewSize=60m -Xms128m -Xmx3072m -Xss5m 

Host: Intel(R) Core(TM) i5-8300H CPU @ 2.30GHz, 8 cores, 11G,  Windows 10 , 64 bit Build 19041 (10.0.19041.546)
Time: Thu Oct 22 16:08:36 2020 GTB Summer Time elapsed time: 5780 seconds (0d 1h 36m 20s)

---------------  T H R E A D  ---------------

Current thread (0x000001ad64ffa800):  JavaThread "AWT-EventQueue-0" [_thread_in_native, id=17792, stack(0x000000ababe00000,0x000000abac300000)]

Stack: [0x000000ababe00000,0x000000abac300000],  sp=0x000000abac2f4980,  free space=5074k
Native frames: (J=compiled Java code, j=interpreted, Vv=VM code, C=native code)
C  0x00007ff845bd1ce9
C  0x00007ff845be5ae7
C  0x00007ff845be57f2
C  0x00007ff845bcb39c
C  [librdi_wavedata.dll+0x1262a0]
C  [librdi_wavedata.dll+0x1489ae]
C  [librdi_wavedata.dll+0x1e1d7e]
C  [librdi_wavedata.dll+0x1e1c9f]
C  [librdi_wavedata.dll+0x20ba50]
C  [librdi_wavedata.dll+0x20b6f6]
C  [librdi_wavedata.dll+0x2695fb]
C  [librdi_wavedata.dll+0x26b013]
C  [librdi_wavedata.dll+0x243e70]
C  [librdi_wavedata.dll+0x243eed]
C  [librdi_wavedata.dll+0x243f91]
C  [librdi_wavedata.dll+0x26a484]
C  [librdi_wavedata.dll+0x23a486]
C  [librdi_wavedata.dll+0x23a255]
C  [librdi_wavedata.dll+0x276a9f]
C  0x000001ad4e2705ba

Java frames: (J=compiled Java code, j=interpreted, Vv=VM code)
J 22744  ui.views.waveform.waveformi.WVExecutive_getGraphicsDataSize(J)J (0 bytes) @ 0x000001ad4e270521 [0x000001ad4e2704e0+0x0000000000000041]
J 22743 c1 ui.views.waveform.executive.a.jBs()Ljava/io/ByteArrayInputStream; (93 bytes) @ 0x000001ad46be732c [0x000001ad46be7240+0x00000000000000ec]
J 23762 c1 ui.views.waveform.b.a.jAN()V (144 bytes) @ 0x000001ad48ba38b4 [0x000001ad48ba37a0+0x0000000000000114]
J 22706 c1 ui.views.waveform.w.aE(ZZ)V (48 bytes) @ 0x000001ad473508ec [0x000001ad47350160+0x000000000000078c]
J 22863 c1 ui.views.waveform.c.b.j(Lui/frmwork/b/i;)V (581 bytes) @ 0x000001ad4833974c [0x000001ad483306c0+0x000000000000908c]
J 22486 c1 ui.views.waveform.w.a(Lui/frmwork/b/i;)V (17 bytes) @ 0x000001ad4842b894 [0x000001ad4842b7c0+0x00000000000000d4]
J 17179 c1 ui.frmwork.b.l.d(Lui/frmwork/b/i;)V (61 bytes) @ 0x000001ad46bebc1c [0x000001ad46beb3c0+0x000000000000085c]
J 24545 c2 ui.frmwork.G.i(JZ)V (471 bytes) @ 0x000001ad4ecceb3c [0x000001ad4eccd700+0x000000000000143c]
J 17168 c1 ui.frmwork.G.fireTclEvent(J)I (113 bytes) @ 0x000001ad46f1c04c [0x000001ad46f1b840+0x000000000000080c]
v  ~StubRoutines::call_stub
j  ui.views.waveform.waveformi.WVExecutive_processModelEvent(JJ)V+0
j  ui.views.waveform.executive.a.fu(J)V+5
j  ui.views.waveform.c.b.ft(J)V+8
J 22863 c1 ui.views.waveform.c.b.j(Lui/frmwork/b/i;)V (581 bytes) @ 0x000001ad4833a414 [0x000001ad483306c0+0x0000000000009d54]
J 22486 c1 ui.views.waveform.w.a(Lui/frmwork/b/i;)V (17 bytes) @ 0x000001ad4842b894 [0x000001ad4842b7c0+0x00000000000000d4]
J 17179 c1 ui.frmwork.b.l.d(Lui/frmwork/b/i;)V (61 bytes) @ 0x000001ad46bebc1c [0x000001ad46beb3c0+0x000000000000085c]
J 24545 c2 ui.frmwork.G.i(JZ)V (471 bytes) @ 0x000001ad4ecceb3c [0x000001ad4eccd700+0x000000000000143c]
J 22783 c1 ui.frmwork.G$$Lambda$207.run()V (12 bytes) @ 0x000001ad46d07edc [0x000001ad46d07e00+0x00000000000000dc]
J 14722 c2 java.awt.event.InvocationEvent.dispatch()V java.desktop@9.0.4 (69 bytes) @ 0x000001ad4e240a28 [0x000001ad4e240840+0x00000000000001e8]
J 14584 c2 java.awt.EventQueue$3.run()Ljava/lang/Object; java.desktop@9.0.4 (5 bytes) @ 0x000001ad4e2121b8 [0x000001ad4e2120e0+0x00000000000000d8]
v  ~StubRoutines::call_stub
J 3798  java.security.AccessController.doPrivileged(Ljava/security/PrivilegedAction;Ljava/security/AccessControlContext;)Ljava/lang/Object; java.base@9.0.4 (0 bytes) @ 0x000001ad4d8817c6 [0x000001ad4d881760+0x0000000000000066]
J 14135 c2 java.awt.EventQueue.dispatchEvent(Ljava/awt/AWTEvent;)V java.desktop@9.0.4 (80 bytes) @ 0x000001ad4e15e498 [0x000001ad4e15df40+0x0000000000000558]
J 14206 c2 ui.frmwork.b.d.dispatchEvent(Ljava/awt/AWTEvent;)V (34 bytes) @ 0x000001ad4e19e6bc [0x000001ad4e19e5e0+0x00000000000000dc]
J 19411 c2 java.awt.EventDispatchThread.pumpOneEventForFilters(I)V java.desktop@9.0.4 (218 bytes) @ 0x000001ad4e75ebc8 [0x000001ad4e75e8a0+0x0000000000000328]
J 20092 c2 java.awt.EventDispatchThread.pumpEventsForFilter(ILjava/awt/Conditional;Ljava/awt/EventFilter;)V java.desktop@9.0.4 (47 bytes) @ 0x000001ad4da34aec [0x000001ad4da348e0+0x000000000000020c]
j  java.awt.EventDispatchThread.pumpEventsForFilter(Ljava/awt/Conditional;Ljava/awt/EventFilter;)V+4 java.desktop@9.0.4
j  java.awt.WaitDispatchSupport$2.run()V+59 java.desktop@9.0.4
j  java.awt.WaitDispatchSupport$4.run()Ljava/lang/Void;+4 java.desktop@9.0.4
j  java.awt.WaitDispatchSupport$4.run()Ljava/lang/Object;+1 java.desktop@9.0.4
v  ~StubRoutines::call_stub
J 1041  java.security.AccessController.doPrivileged(Ljava/security/PrivilegedAction;)Ljava/lang/Object; java.base@9.0.4 (0 bytes) @ 0x000001ad4d6c8632 [0x000001ad4d6c85e0+0x0000000000000052]
j  java.awt.WaitDispatchSupport.enter()Z+260 java.desktop@9.0.4
j  java.awt.Dialog.show()V+225 java.desktop@9.0.4
J 8531 c1 java.awt.Component.setVisible(Z)V java.desktop@9.0.4 (6 bytes) @ 0x000001ad46bc144c [0x000001ad46bc1260+0x00000000000001ec]
j  java.awt.Window.setVisible(Z)V+2 java.desktop@9.0.4
j  java.awt.Dialog.setVisible(Z)V+2 java.desktop@9.0.4
j  ui.b.c.g.setVisible(Z)V+2
j  ui.b.c.bz.showDialog()V+64
j  ui.b.c.bI.actionPerformed(Ljava/awt/event/ActionEvent;)V+8
j  ui.b.c.bz.eWx()V+390
j  ui.views.c.t.b.a.run()V+60
j  ui.frmwork.a.gJb()Z+66
j  ui.frmwork.Y.gKQ()V+42
j  ui.bn.actionPerformed(Ljava/awt/event/ActionEvent;)V+25
j  javax.swing.AbstractButton.fireActionPerformed(Ljava/awt/event/ActionEvent;)V+84 java.desktop@9.0.4
j  ui.utils.swing.b.E.fireActionPerformed(Ljava/awt/event/ActionEvent;)V+7
j  javax.swing.AbstractButton$Handler.actionPerformed(Ljava/awt/event/ActionEvent;)V+5 java.desktop@9.0.4
j  javax.swing.DefaultButtonModel.fireActionPerformed(Ljava/awt/event/ActionEvent;)V+34 java.desktop@9.0.4
j  javax.swing.DefaultButtonModel.setPressed(Z)V+117 java.desktop@9.0.4
j  javax.swing.plaf.basic.BasicButtonListener.mouseReleased(Ljava/awt/event/MouseEvent;)V+35 java.desktop@9.0.4
j  com.jidesoft.plaf.basic.BasicJideButtonListener.mouseReleased(Ljava/awt/event/MouseEvent;)V+61
J 19975 c1 java.awt.AWTEventMulticaster.mouseReleased(Ljava/awt/event/MouseEvent;)V java.desktop@9.0.4 (27 bytes) @ 0x000001ad4748f38c [0x000001ad4748f180+0x000000000000020c]
J 19975 c1 java.awt.AWTEventMulticaster.mouseReleased(Ljava/awt/event/MouseEvent;)V java.desktop@9.0.4 (27 bytes) @ 0x000001ad4748f38c [0x000001ad4748f180+0x000000000000020c]
J 19975 c1 java.awt.AWTEventMulticaster.mouseReleased(Ljava/awt/event/MouseEvent;)V java.desktop@9.0.4 (27 bytes) @ 0x000001ad4748f38c [0x000001ad4748f180+0x000000000000020c]
J 24515 c2 javax.swing.JComponent.processMouseEvent(Ljava/awt/event/MouseEvent;)V java.desktop@9.0.4 (27 bytes) @ 0x000001ad4e76f564 [0x000001ad4e76f420+0x0000000000000144]
J 13948 c2 java.awt.Container.processEvent(Ljava/awt/AWTEvent;)V java.desktop@9.0.4 (22 bytes) @ 0x000001ad4e12e7c0 [0x000001ad4e12e6a0+0x0000000000000120]
J 24381 c2 java.awt.Component.dispatchEventImpl(Ljava/awt/AWTEvent;)V java.desktop@9.0.4 (739 bytes) @ 0x000001ad4e0a90d0 [0x000001ad4e0a86a0+0x0000000000000a30]
J 18945 c2 java.awt.Container.dispatchEventImpl(Ljava/awt/AWTEvent;)V java.desktop@9.0.4 (129 bytes) @ 0x000001ad4e135d98 [0x000001ad4e135d40+0x0000000000000058]
J 14523 c2 java.awt.LightweightDispatcher.retargetMouseEvent(Ljava/awt/Component;ILjava/awt/event/MouseEvent;)V java.desktop@9.0.4 (350 bytes) @ 0x000001ad4e1de430 [0x000001ad4e1de020+0x0000000000000410]
J 16914 c2 java.awt.LightweightDispatcher.processMouseEvent(Ljava/awt/event/MouseEvent;)Z java.desktop@9.0.4 (265 bytes) @ 0x000001ad4dddb3e8 [0x000001ad4dddac40+0x00000000000007a8]
J 18945 c2 java.awt.Container.dispatchEventImpl(Ljava/awt/AWTEvent;)V java.desktop@9.0.4 (129 bytes) @ 0x000001ad4e136154 [0x000001ad4e135d40+0x0000000000000414]
J 16768 c2 java.awt.Window.dispatchEventImpl(Ljava/awt/AWTEvent;)V java.desktop@9.0.4 (23 bytes) @ 0x000001ad4db90d8c [0x000001ad4db90d40+0x000000000000004c]
J 14584 c2 java.awt.EventQueue$3.run()Ljava/lang/Object; java.desktop@9.0.4 (5 bytes) @ 0x000001ad4e212244 [0x000001ad4e2120e0+0x0000000000000164]
v  ~StubRoutines::call_stub
J 3798  java.security.AccessController.doPrivileged(Ljava/security/PrivilegedAction;Ljava/security/AccessControlContext;)Ljava/lang/Object; java.base@9.0.4 (0 bytes) @ 0x000001ad4d8817c6 [0x000001ad4d881760+0x0000000000000066]
J 15805 c2 java.awt.EventQueue$4.run()Ljava/lang/Object; java.desktop@9.0.4 (5 bytes) @ 0x000001ad4e3eb740 [0x000001ad4e3eb4e0+0x0000000000000260]
v  ~StubRoutines::call_stub
J 3798  java.security.AccessController.doPrivileged(Ljava/security/PrivilegedAction;Ljava/security/AccessControlContext;)Ljava/lang/Object; java.base@9.0.4 (0 bytes) @ 0x000001ad4d8817c6 [0x000001ad4d881760+0x0000000000000066]
J 14135 c2 java.awt.EventQueue.dispatchEvent(Ljava/awt/AWTEvent;)V java.desktop@9.0.4 (80 bytes) @ 0x000001ad4e15e2c0 [0x000001ad4e15df40+0x0000000000000380]
J 14206 c2 ui.frmwork.b.d.dispatchEvent(Ljava/awt/AWTEvent;)V (34 bytes) @ 0x000001ad4e19e6bc [0x000001ad4e19e5e0+0x00000000000000dc]
J 19411 c2 java.awt.EventDispatchThread.pumpOneEventForFilters(I)V java.desktop@9.0.4 (218 bytes) @ 0x000001ad4e75ebc8 [0x000001ad4e75e8a0+0x0000000000000328]
J 20087% c2 java.awt.EventDispatchThread.pumpEventsForFilter(ILjava/awt/Conditional;Ljava/awt/EventFilter;)V java.desktop@9.0.4 (47 bytes) @ 0x000001ad4d8d1278 [0x000001ad4d8d1160+0x0000000000000118]
j  java.awt.EventDispatchThread.pumpEventsForHierarchy(ILjava/awt/Conditional;Ljava/awt/Component;)V+11 java.desktop@9.0.4
j  java.awt.EventDispatchThread.pumpEvents(ILjava/awt/Conditional;)V+4 java.desktop@9.0.4
j  java.awt.EventDispatchThread.pumpEvents(Ljava/awt/Conditional;)V+3 java.desktop@9.0.4
j  java.awt.EventDispatchThread.run()V+9 java.desktop@9.0.4
v  ~StubRoutines::call_stub

siginfo: EXCEPTION_ACCESS_VIOLATION (0xc0000005), reading address 0x0000000000000044


Register to memory mapping:

RIP=0x00007ff845bd1ce9 is an unknown value
RAX=0x000001ad62e82b40 is an unknown value
RBX=0x000001ad6b8b2030 is an unknown value
RCX=0x0000000000000000 is an unknown value
RDX=0x000001ad37c44bc0 is an unknown value
RSP=0x000000abac2f4980 is pointing into the stack for thread: 0x000001ad64ffa800
RBP=0x000000abac2f4b20 is pointing into the stack for thread: 0x000001ad64ffa800
RSI=0x000001ad37c44bc0 is an unknown value
RDI=0x0000000000000000 is an unknown value
R8 =0x000000abac2f4a20 is pointing into the stack for thread: 0x000001ad64ffa800
R9 =0x0000000000000018 is an unknown value
R10=0x0000000000000000 is an unknown value
R11=0xc0000000002b33ed is an unknown value
R12=0x000001ad73beec40 is an unknown value
R13=0x0000000000000001 is an unknown value
R14=0x0000000000001800 is an unknown value
R15=0x000000abac2f4a20 is pointing into the stack for thread: 0x000001ad64ffa800


Registers:
RAX=0x000001ad62e82b40, RBX=0x000001ad6b8b2030, RCX=0x0000000000000000, RDX=0x000001ad37c44bc0
RSP=0x000000abac2f4980, RBP=0x000000abac2f4b20, RSI=0x000001ad37c44bc0, RDI=0x0000000000000000
R8 =0x000000abac2f4a20, R9 =0x0000000000000018, R10=0x0000000000000000, R11=0xc0000000002b33ed
R12=0x000001ad73beec40, R13=0x0000000000000001, R14=0x0000000000001800, R15=0x000000abac2f4a20
RIP=0x00007ff845bd1ce9, EFLAGS=0x0000000000010202

Top of Stack: (sp=0x000000abac2f4980)
0x000000abac2f4980:   000000abac2f5078 0000000000000000
0x000000abac2f4990:   0000000000000000 000001ad73beec40
0x000000abac2f49a0:   000001ad6b8b2030 0000000000000008
0x000000abac2f49b0:   fffffffffffffffe 00007ff8be80f706
0x000000abac2f49c0:   0000000000000000 00000000000004f8
0x000000abac2f49d0:   000000abac2f5078 0000000000001800
0x000000abac2f49e0:   000000abac2f4ae0 00007ff845be5ae7
0x000000abac2f49f0:   00000000000004f8 000001ad6b8b2030
0x000000abac2f4a00:   000001ad62e82b40 000001ad6ba37c78
0x000000abac2f4a10:   000001ad6b8b2030 00007ff845be57f2
0x000000abac2f4a20:   000001ad6b8b2030 000001ad6ba37c50
0x000000abac2f4a30:   0000000000000008 000001ad6ba37c50
0x000000abac2f4a40:   000001ad6ba37c50 000001ad64ffa800
0x000000abac2f4a50:   000000abac2f4ca8 000001ad73beec40
0x000000abac2f4a60:   000001ad592a31b0 000001ad6ba37a20
0x000000abac2f4a70:   0000000000000001 0000000000000000 

Instructions: (pc=0x00007ff845bd1ce9)
0x00007ff845bd1cc9:   50 48 c7 44 24 30 fe ff ff ff 48 89 5c 24 78 48
0x00007ff845bd1cd9:   89 b4 24 80 00 00 00 4d 8b f8 48 8b f2 48 8b f9
0x00007ff845bd1ce9:   83 79 44 00 75 07 33 c0 e9 d5 00 00 00 48 8b 41
0x00007ff845bd1cf9:   48 8b 00 33 db 8b d0 48 03 51 28 48 8d 4c 24 38 



---------------  P R O C E S S  ---------------

Java Threads: ( => current thread )
  0x000001ad672c9000 JavaThread "Relaunch Simulation Thread" [_thread_blocked, id=9848, stack(0x000000abaf800000,0x000000abafd00000)]
  0x000001ad672c6000 JavaThread "SyntheticaAnimation 50" daemon [_thread_blocked, id=17288, stack(0x000000abaf300000,0x000000abaf800000)]
  0x000001ad3e4cd000 JavaThread "Image Animator 3" daemon [_thread_blocked, id=14112, stack(0x000000abb0400000,0x000000abb0900000)]
  0x000001ad6898c000 JavaThread "SyntheticaAnimation 50" daemon [_thread_blocked, id=7696, stack(0x000000abab900000,0x000000ababe00000)]
  0x000001ad6898a800 JavaThread "Update Runs Swing Worker Thread" [_thread_blocked, id=1676, stack(0x000000abafd00000,0x000000abb0200000)]
  0x000001ad68987000 JavaThread "hw_ila_monitor" [_thread_blocked, id=12184, stack(0x000000abaee00000,0x000000abaf300000)]
  0x000001ad68989000 JavaThread "Refresh Filesets Swing Worker Thread" [_thread_blocked, id=9852, stack(0x000000abacd00000,0x000000abad200000)]
  0x000001ad68986000 JavaThread "SyntheticaAnimation 70" daemon [_thread_blocked, id=1244, stack(0x000000abae900000,0x000000abaee00000)]
  0x000001ad3e4cc000 JavaThread "SyntheticaAnimation 25" daemon [_thread_blocked, id=13812, stack(0x000000abae400000,0x000000abae900000)]
  0x000001ad3e4cf000 JavaThread "SyntheticaAnimation 50" daemon [_thread_blocked, id=6040, stack(0x000000abadf00000,0x000000abae400000)]
  0x000001ad3e4d3000 JavaThread "Monitor HEventQueue Thread" [_thread_blocked, id=18508, stack(0x000000abada00000,0x000000abadf00000)]
  0x000001ad3e4ce800 JavaThread "SyntheticaCleanerThread" daemon [_thread_blocked, id=17492, stack(0x000000abad200000,0x000000abad700000)]
  0x000001ad3e4d1800 JavaThread "Batik CleanerThread" daemon [_thread_blocked, id=10888, stack(0x000000abac300000,0x000000abac800000)]
  0x000001ad63161000 JavaThread "Process Messages Thread" [_thread_blocked, id=2388, stack(0x000000abac800000,0x000000abacd00000)]
  0x000001ad63160800 JavaThread "Thread-1" [_thread_in_native, id=20372, stack(0x000000aba5100000,0x000000aba6500000)]
=>0x000001ad64ffa800 JavaThread "AWT-EventQueue-0" [_thread_in_native, id=17792, stack(0x000000ababe00000,0x000000abac300000)]
  0x000001ad635e4800 JavaThread "TimerQueue" daemon [_thread_blocked, id=8532, stack(0x000000abab400000,0x000000abab900000)]
  0x000001ad62d46000 JavaThread "AWT-Windows" daemon [_thread_in_native, id=7368, stack(0x000000abaaf00000,0x000000abab400000)]
  0x000001ad62d44800 JavaThread "AWT-Shutdown" [_thread_blocked, id=14508, stack(0x000000abaaa00000,0x000000abaaf00000)]
  0x000001ad62d43800 JavaThread "Java2D Disposer" daemon [_thread_blocked, id=19080, stack(0x000000abaa500000,0x000000abaaa00000)]
  0x000001ad72cdf800 JavaThread "Service Thread" daemon [_thread_blocked, id=21104, stack(0x000000aba9f00000,0x000000abaa400000)]
  0x000001ad3b6d8800 JavaThread "Common-Cleaner" daemon [_thread_blocked, id=16752, stack(0x000000aba9a00000,0x000000aba9f00000)]
  0x000001ad3e4d0000 JavaThread "Sweeper thread" daemon [_thread_blocked, id=16584, stack(0x000000aba9500000,0x000000aba9a00000)]
  0x000001ad72fd7800 JavaThread "C1 CompilerThread3" daemon [_thread_blocked, id=9552, stack(0x000000aba9400000,0x000000aba9500000)]
  0x000001ad58493800 JavaThread "C2 CompilerThread2" daemon [_thread_blocked, id=17780, stack(0x000000aba9300000,0x000000aba9400000)]
  0x000001ad7328d000 JavaThread "C2 CompilerThread1" daemon [_thread_blocked, id=10092, stack(0x000000aba9200000,0x000000aba9300000)]
  0x000001ad7328c000 JavaThread "C2 CompilerThread0" daemon [_thread_blocked, id=12836, stack(0x000000aba9100000,0x000000aba9200000)]
  0x000001ad7331c000 JavaThread "Attach Listener" daemon [_thread_blocked, id=20640, stack(0x000000aba8c00000,0x000000aba9100000)]
  0x000001ad7331b800 JavaThread "Signal Dispatcher" daemon [_thread_blocked, id=4048, stack(0x000000aba8700000,0x000000aba8c00000)]
  0x000001ad72f72000 JavaThread "Finalizer" daemon [_thread_blocked, id=15012, stack(0x000000aba8200000,0x000000aba8700000)]
  0x000001ad72f71800 JavaThread "Reference Handler" daemon [_thread_blocked, id=1468, stack(0x000000aba7d00000,0x000000aba8200000)]
  0x000001ad56b61000 JavaThread "main" [_thread_blocked, id=12824, stack(0x000000aba6700000,0x000000aba6800000)]

Other Threads:
  0x000001ad3e5a2800 VMThread "VM Thread" [stack: 0x000000aba7c00000,0x000000aba7d00000] [id=10952]
  0x000001ad58786000 WatcherThread [stack: 0x000000abaa400000,0x000000abaa500000] [id=19284]
  0x000001ad3be44000 GCTaskThread "GC Thread#0" [stack: 0x000000aba6800000,0x000000aba6900000] [id=10188]
  0x000001ad59cea800 GCTaskThread "GC Thread#1" [stack: 0x000000aba6900000,0x000000aba6a00000] [id=9528]
  0x000001ad59ced800 GCTaskThread "GC Thread#2" [stack: 0x000000aba6a00000,0x000000aba6b00000] [id=18448]
  0x000001ad59ceb000 GCTaskThread "GC Thread#3" [stack: 0x000000aba6b00000,0x000000aba6c00000] [id=16280]
  0x000001ad59ceb800 GCTaskThread "GC Thread#4" [stack: 0x000000aba6c00000,0x000000aba6d00000] [id=9380]
  0x000001ad59cec000 GCTaskThread "GC Thread#5" [stack: 0x000000aba6d00000,0x000000aba6e00000] [id=9320]
  0x000001ad59ced000 GCTaskThread "GC Thread#6" [stack: 0x000000aba6e00000,0x000000aba6f00000] [id=9500]
  0x000001ad598eb000 GCTaskThread "GC Thread#7" [stack: 0x000000aba6f00000,0x000000aba7000000] [id=20864]
  0x000001ad56c01000 ConcurrentGCThread "G1 Main Marker" [stack: 0x000000aba7900000,0x000000aba7a00000] [id=19724]
  0x000001ad598f0000 ConcurrentGCThread "G1 Marker#0" [stack: 0x000000aba7a00000,0x000000aba7b00000] [id=11712]
  0x000001ad598ed000 ConcurrentGCThread "G1 Marker#1" [stack: 0x000000aba7b00000,0x000000aba7c00000] [id=20344]
  0x000001ad579de800 ConcurrentGCThread "G1 Refine#0" [stack: 0x000000aba7700000,0x000000aba7800000] [id=19728]
  0x000001ad579dd800 ConcurrentGCThread "G1 Refine#1" [stack: 0x000000aba7600000,0x000000aba7700000] [id=1208]
  0x000001ad72f50000 ConcurrentGCThread "G1 Refine#2" [stack: 0x000000aba7500000,0x000000aba7600000] [id=3012]
  0x000001ad72f4f800 ConcurrentGCThread "G1 Refine#3" [stack: 0x000000aba7400000,0x000000aba7500000] [id=8240]
  0x000001ad59cf7000 ConcurrentGCThread "G1 Refine#4" [stack: 0x000000aba7300000,0x000000aba7400000] [id=9104]
  0x000001ad59cf6800 ConcurrentGCThread "G1 Refine#5" [stack: 0x000000aba7200000,0x000000aba7300000] [id=6196]
  0x000001ad56afd000 ConcurrentGCThread "G1 Refine#6" [stack: 0x000000aba7100000,0x000000aba7200000] [id=12736]
  0x000001ad56afc800 ConcurrentGCThread "G1 Refine#7" [stack: 0x000000aba7000000,0x000000aba7100000] [id=18712]
  0x000001ad3e5a8000 ConcurrentGCThread "G1 Young RemSet Sampling" [stack: 0x000000aba7800000,0x000000aba7900000] [id=2068]

Threads with active compile tasks:

VM state:not at safepoint (normal execution)

VM Mutex/Monitor currently owned by a thread: None

Heap address: 0x0000000700000000, size: 3072 MB, Compressed Oops mode: Zero based, Oop shift amount: 3
Narrow klass base: 0x0000000000000000, Narrow klass shift: 3
Compressed class space size: 1073741824 Address: 0x00000007c0000000

Heap:
 garbage-first heap   total 289792K, used 121811K [0x0000000700000000, 0x00000007001008d8, 0x00000007c0000000)
  region size 1024K, 31 young (31744K), 1 survivors (1024K)
 Metaspace       used 86779K, capacity 88837K, committed 95948K, reserved 1132544K
  class space    used 11855K, capacity 12284K, committed 13772K, reserved 1048576K
Heap Regions: E=young(eden), S=young(survivor), O=old, HS=humongous(starts), HC=humongous(continues), CS=collection set, F=free, A=archive, TS=gc time stamp, AC=allocation context, TAMS=top-at-mark-start (previous, next)
|   0|0x0000000700000000, 0x00000007000e3f80, 0x0000000700100000| 89%| O|  |TS  0|AC  0|TAMS 0x0000000700000000, 0x0000000700000000|
|   1|0x0000000700100000, 0x00000007001e33c8, 0x0000000700200000| 88%| O|  |TS  0|AC  0|TAMS 0x0000000700100000, 0x0000000700100000|
|   2|0x0000000700200000, 0x0000000700300000, 0x0000000700300000|100%|HS|  |TS  0|AC  0|TAMS 0x0000000700200000, 0x0000000700200000|
|   3|0x0000000700300000, 0x0000000700400000, 0x0000000700400000|100%|HC|  |TS  0|AC  0|TAMS 0x0000000700300000, 0x0000000700300000|
|   4|0x0000000700400000, 0x0000000700500000, 0x0000000700500000|100%|HS|  |TS  0|AC  0|TAMS 0x0000000700400000, 0x0000000700400000|
|   5|0x0000000700500000, 0x00000007005ed128, 0x0000000700600000| 92%| O|  |TS  0|AC  0|TAMS 0x0000000700500000, 0x0000000700500000|
|   6|0x0000000700600000, 0x00000007006ff060, 0x0000000700700000| 99%| O|  |TS  0|AC  0|TAMS 0x0000000700600000, 0x0000000700600000|
|   7|0x0000000700700000, 0x00000007007f3170, 0x0000000700800000| 94%| O|  |TS  0|AC  0|TAMS 0x0000000700700000, 0x0000000700700000|
|   8|0x0000000700800000, 0x00000007008f8020, 0x0000000700900000| 96%| O|  |TS  0|AC  0|TAMS 0x0000000700800000, 0x0000000700800000|
|   9|0x0000000700900000, 0x00000007009fd968, 0x0000000700a00000| 99%| O|  |TS  0|AC  0|TAMS 0x0000000700900000, 0x0000000700900000|
|  10|0x0000000700a00000, 0x0000000700affff0, 0x0000000700b00000| 99%| O|  |TS  0|AC  0|TAMS 0x0000000700a00000, 0x0000000700a00000|
|  11|0x0000000700b00000, 0x0000000700bffff8, 0x0000000700c00000| 99%| O|  |TS  0|AC  0|TAMS 0x0000000700b00000, 0x0000000700b00000|
|  12|0x0000000700c00000, 0x0000000700cfffc8, 0x0000000700d00000| 99%| O|  |TS  0|AC  0|TAMS 0x0000000700c00000, 0x0000000700c00000|
|  13|0x0000000700d00000, 0x0000000700dfae68, 0x0000000700e00000| 98%| O|  |TS  0|AC  0|TAMS 0x0000000700d00000, 0x0000000700d00000|
|  14|0x0000000700e00000, 0x0000000700effd10, 0x0000000700f00000| 99%| O|  |TS  0|AC  0|TAMS 0x0000000700e00000, 0x0000000700e00000|
|  15|0x0000000700f00000, 0x0000000700fc04e0, 0x0000000701000000| 75%| O|  |TS  0|AC  0|TAMS 0x0000000700f00000, 0x0000000700f00000|
|  16|0x0000000701000000, 0x0000000701100000, 0x0000000701100000|100%|HS|  |TS  0|AC  0|TAMS 0x0000000701000000, 0x0000000701000000|
|  17|0x0000000701100000, 0x00000007011ffff0, 0x0000000701200000| 99%| O|  |TS  0|AC  0|TAMS 0x0000000701100000, 0x0000000701100000|
|  18|0x0000000701200000, 0x00000007012ffcd0, 0x0000000701300000| 99%| O|  |TS  0|AC  0|TAMS 0x0000000701200000, 0x0000000701200000|
|  19|0x0000000701300000, 0x00000007013ffcd0, 0x0000000701400000| 99%| O|  |TS  0|AC  0|TAMS 0x0000000701300000, 0x0000000701300000|
|  20|0x0000000701400000, 0x00000007014fffe0, 0x0000000701500000| 99%| O|  |TS  0|AC  0|TAMS 0x0000000701400000, 0x0000000701400000|
|  21|0x0000000701500000, 0x00000007015fc190, 0x0000000701600000| 98%| O|  |TS  0|AC  0|TAMS 0x0000000701500000, 0x0000000701500000|
|  22|0x0000000701600000, 0x00000007016f12d0, 0x0000000701700000| 94%| O|  |TS  0|AC  0|TAMS 0x0000000701600000, 0x0000000701600000|
|  23|0x0000000701700000, 0x00000007017ff090, 0x0000000701800000| 99%| O|  |TS  0|AC  0|TAMS 0x0000000701700000, 0x0000000701700000|
|  24|0x0000000701800000, 0x00000007018ffff0, 0x0000000701900000| 99%| O|  |TS  0|AC  0|TAMS 0x0000000701800000, 0x0000000701800000|
|  25|0x0000000701900000, 0x00000007019ff4a8, 0x0000000701a00000| 99%| O|  |TS  0|AC  0|TAMS 0x0000000701900000, 0x0000000701900000|
|  26|0x0000000701a00000, 0x0000000701afffd0, 0x0000000701b00000| 99%| O|  |TS  0|AC  0|TAMS 0x0000000701a00000, 0x0000000701a00000|
|  27|0x0000000701b00000, 0x0000000701bfffd0, 0x0000000701c00000| 99%| O|  |TS  0|AC  0|TAMS 0x0000000701b00000, 0x0000000701b00000|
|  28|0x0000000701c00000, 0x0000000701cffd88, 0x0000000701d00000| 99%| O|  |TS  0|AC  0|TAMS 0x0000000701c00000, 0x0000000701c00000|
|  29|0x0000000701d00000, 0x0000000701dfffe8, 0x0000000701e00000| 99%| O|  |TS  0|AC  0|TAMS 0x0000000701d00000, 0x0000000701d00000|
|  30|0x0000000701e00000, 0x0000000701efffc8, 0x0000000701f00000| 99%| O|  |TS  0|AC  0|TAMS 0x0000000701e00000, 0x0000000701e00000|
|  31|0x0000000701f00000, 0x0000000702000000, 0x0000000702000000|100%| O|  |TS  0|AC  0|TAMS 0x0000000701f00000, 0x0000000701f00000|
|  32|0x0000000702000000, 0x0000000702100000, 0x0000000702100000|100%| O|  |TS  0|AC  0|TAMS 0x0000000702000000, 0x0000000702000000|
|  33|0x0000000702100000, 0x00000007021fffe0, 0x0000000702200000| 99%| O|  |TS  0|AC  0|TAMS 0x0000000702100000, 0x0000000702100000|
|  34|0x0000000702200000, 0x00000007022ffff8, 0x0000000702300000| 99%| O|  |TS  0|AC  0|TAMS 0x0000000702200000, 0x0000000702200000|
|  35|0x0000000702300000, 0x00000007023fffe8, 0x0000000702400000| 99%| O|  |TS  0|AC  0|TAMS 0x0000000702300000, 0x0000000702300000|
|  36|0x0000000702400000, 0x00000007024ca1d8, 0x0000000702500000| 78%| O|  |TS  0|AC  0|TAMS 0x0000000702400000, 0x0000000702400000|
|  37|0x0000000702500000, 0x00000007025fffe8, 0x0000000702600000| 99%| O|  |TS  0|AC  0|TAMS 0x0000000702500000, 0x0000000702500000|
|  38|0x0000000702600000, 0x00000007026ffff8, 0x0000000702700000| 99%| O|  |TS  0|AC  0|TAMS 0x0000000702600000, 0x0000000702600000|
|  39|0x0000000702700000, 0x0000000702800000, 0x0000000702800000|100%| O|  |TS  0|AC  0|TAMS 0x0000000702700000, 0x0000000702700000|
|  40|0x0000000702800000, 0x00000007028ffff0, 0x0000000702900000| 99%| O|  |TS  0|AC  0|TAMS 0x0000000702800000, 0x0000000702800000|
|  41|0x0000000702900000, 0x00000007029fffe0, 0x0000000702a00000| 99%| O|  |TS  0|AC  0|TAMS 0x0000000702900000, 0x0000000702900000|
|  42|0x0000000702a00000, 0x0000000702afff18, 0x0000000702b00000| 99%| O|  |TS  0|AC  0|TAMS 0x0000000702a00000, 0x0000000702a00000|
|  43|0x0000000702b00000, 0x0000000702bd9118, 0x0000000702c00000| 84%| O|  |TS  0|AC  0|TAMS 0x0000000702b00000, 0x0000000702b00000|
|  44|0x0000000702c00000, 0x0000000702d00000, 0x0000000702d00000|100%|HS|  |TS  0|AC  0|TAMS 0x0000000702c00000, 0x0000000702c00000|
|  45|0x0000000702d00000, 0x0000000702e00000, 0x0000000702e00000|100%|HC|  |TS  0|AC  0|TAMS 0x0000000702d00000, 0x0000000702d00000|
|  46|0x0000000702e00000, 0x0000000702f00000, 0x0000000702f00000|100%|HC|  |TS  0|AC  0|TAMS 0x0000000702e00000, 0x0000000702e00000|
|  47|0x0000000702f00000, 0x0000000703000000, 0x0000000703000000|100%|HC|  |TS  0|AC  0|TAMS 0x0000000702f00000, 0x0000000702f00000|
|  48|0x0000000703000000, 0x0000000703100000, 0x0000000703100000|100%|HC|  |TS  0|AC  0|TAMS 0x0000000703000000, 0x0000000703000000|
|  49|0x0000000703100000, 0x0000000703200000, 0x0000000703200000|100%|HC|  |TS  0|AC  0|TAMS 0x0000000703100000, 0x0000000703100000|
|  50|0x0000000703200000, 0x0000000703300000, 0x0000000703300000|100%|HC|  |TS  0|AC  0|TAMS 0x0000000703200000, 0x0000000703200000|
|  51|0x0000000703300000, 0x0000000703400000, 0x0000000703400000|100%|HC|  |TS  0|AC  0|TAMS 0x0000000703300000, 0x0000000703300000|
|  52|0x0000000703400000, 0x00000007034ffff8, 0x0000000703500000| 99%| O|  |TS  0|AC  0|TAMS 0x0000000703400000, 0x0000000703400000|
|  53|0x0000000703500000, 0x00000007035ffff0, 0x0000000703600000| 99%| O|  |TS  0|AC  0|TAMS 0x0000000703500000, 0x0000000703500000|
|  54|0x0000000703600000, 0x0000000703700000, 0x0000000703700000|100%| O|  |TS  0|AC  0|TAMS 0x0000000703600000, 0x0000000703600000|
|  55|0x0000000703700000, 0x0000000703800000, 0x0000000703800000|100%| O|  |TS  0|AC  0|TAMS 0x0000000703700000, 0x0000000703700000|
|  56|0x0000000703800000, 0x00000007038fffd0, 0x0000000703900000| 99%| O|  |TS  0|AC  0|TAMS 0x0000000703800000, 0x0000000703800000|
|  57|0x0000000703900000, 0x0000000703a00000, 0x0000000703a00000|100%| O|  |TS  0|AC  0|TAMS 0x0000000703900000, 0x0000000703900000|
|  58|0x0000000703a00000, 0x0000000703afffd8, 0x0000000703b00000| 99%| O|  |TS  0|AC  0|TAMS 0x0000000703a00000, 0x0000000703a00000|
|  59|0x0000000703b00000, 0x0000000703bfffc0, 0x0000000703c00000| 99%| O|  |TS  0|AC  0|TAMS 0x0000000703b00000, 0x0000000703b00000|
|  60|0x0000000703c00000, 0x0000000703cffd28, 0x0000000703d00000| 99%| O|  |TS  0|AC  0|TAMS 0x0000000703c00000, 0x0000000703c00000|
|  61|0x0000000703d00000, 0x0000000703e00000, 0x0000000703e00000|100%| O|  |TS  0|AC  0|TAMS 0x0000000703d00000, 0x0000000703d00000|
|  62|0x0000000703e00000, 0x0000000703effff0, 0x0000000703f00000| 99%| O|  |TS  0|AC  0|TAMS 0x0000000703e00000, 0x0000000703e00000|
|  63|0x0000000703f00000, 0x0000000703ffffd8, 0x0000000704000000| 99%| O|  |TS  0|AC  0|TAMS 0x0000000703f00000, 0x0000000703f00000|
|  64|0x0000000704000000, 0x00000007040fffe8, 0x0000000704100000| 99%| O|  |TS  0|AC  0|TAMS 0x0000000704000000, 0x0000000704000000|
|  65|0x0000000704100000, 0x00000007041ffe68, 0x0000000704200000| 99%| O|  |TS  0|AC  0|TAMS 0x0000000704100000, 0x0000000704100000|
|  66|0x0000000704200000, 0x00000007042fa3f8, 0x0000000704300000| 97%| O|  |TS  0|AC  0|TAMS 0x0000000704200000, 0x0000000704200000|
|  67|0x0000000704300000, 0x00000007043fff40, 0x0000000704400000| 99%| O|  |TS  0|AC  0|TAMS 0x0000000704300000, 0x0000000704300000|
|  68|0x0000000704400000, 0x00000007044fffc0, 0x0000000704500000| 99%| O|  |TS  0|AC  0|TAMS 0x0000000704400000, 0x0000000704400000|
|  69|0x0000000704500000, 0x00000007045ffff0, 0x0000000704600000| 99%| O|  |TS  0|AC  0|TAMS 0x0000000704500000, 0x0000000704500000|
|  70|0x0000000704600000, 0x00000007046ffaf8, 0x0000000704700000| 99%| O|  |TS  0|AC  0|TAMS 0x0000000704600000, 0x0000000704600000|
|  71|0x0000000704700000, 0x00000007047ffff0, 0x0000000704800000| 99%| O|  |TS  0|AC  0|TAMS 0x0000000704700000, 0x0000000704700000|
|  72|0x0000000704800000, 0x00000007048fffd8, 0x0000000704900000| 99%| O|  |TS  0|AC  0|TAMS 0x0000000704800000, 0x0000000704800000|
|  73|0x0000000704900000, 0x00000007049ffef0, 0x0000000704a00000| 99%| O|  |TS  0|AC  0|TAMS 0x0000000704900000, 0x0000000704900000|
|  74|0x0000000704a00000, 0x0000000704aff1e0, 0x0000000704b00000| 99%| O|  |TS  0|AC  0|TAMS 0x0000000704a00000, 0x0000000704a00000|
|  75|0x0000000704b00000, 0x0000000704bfffe8, 0x0000000704c00000| 99%| O|  |TS  0|AC  0|TAMS 0x0000000704b00000, 0x0000000704b00000|
|  76|0x0000000704c00000, 0x0000000704cfffe0, 0x0000000704d00000| 99%| O|  |TS  0|AC  0|TAMS 0x0000000704c00000, 0x0000000704c00000|
|  77|0x0000000704d00000, 0x0000000704dffff8, 0x0000000704e00000| 99%| O|  |TS  0|AC  0|TAMS 0x0000000704d00000, 0x0000000704d00000|
|  78|0x0000000704e00000, 0x0000000704f00000, 0x0000000704f00000|100%| O|  |TS  0|AC  0|TAMS 0x0000000704e00000, 0x0000000704e00000|
|  79|0x0000000704f00000, 0x0000000705000000, 0x0000000705000000|100%| O|  |TS  0|AC  0|TAMS 0x0000000704f00000, 0x0000000704f00000|
|  80|0x0000000705000000, 0x00000007050ffe90, 0x0000000705100000| 99%| O|  |TS  0|AC  0|TAMS 0x0000000705000000, 0x0000000705000000|
|  81|0x0000000705100000, 0x00000007051fffc8, 0x0000000705200000| 99%| O|  |TS  0|AC  0|TAMS 0x0000000705100000, 0x0000000705100000|
|  82|0x0000000705200000, 0x00000007052ffff0, 0x0000000705300000| 99%| O|  |TS  0|AC  0|TAMS 0x0000000705200000, 0x0000000705200000|
|  83|0x0000000705300000, 0x00000007053ffec8, 0x0000000705400000| 99%| O|  |TS  0|AC  0|TAMS 0x0000000705300000, 0x0000000705300000|
|  84|0x0000000705400000, 0x00000007054ffff8, 0x0000000705500000| 99%| O|  |TS  0|AC  0|TAMS 0x0000000705400000, 0x0000000705400000|
|  85|0x0000000705500000, 0x00000007055fffe8, 0x0000000705600000| 99%| O|  |TS  0|AC  0|TAMS 0x0000000705500000, 0x0000000705500000|
|  86|0x0000000705600000, 0x00000007056ff040, 0x0000000705700000| 99%| O|  |TS  0|AC  0|TAMS 0x0000000705600000, 0x0000000705600000|
|  87|0x0000000705700000, 0x00000007057483b8, 0x0000000705800000| 28%| O|  |TS  0|AC  0|TAMS 0x0000000705700000, 0x0000000705700000|
|  88|0x0000000705800000, 0x0000000705800000, 0x0000000705900000|  0%| F|  |TS  0|AC  0|TAMS 0x0000000705800000, 0x0000000705800000|
|  89|0x0000000705900000, 0x0000000705900000, 0x0000000705a00000|  0%| F|  |TS  0|AC  0|TAMS 0x0000000705900000, 0x0000000705900000|
|  90|0x0000000705a00000, 0x0000000705a00000, 0x0000000705b00000|  0%| F|  |TS  0|AC  0|TAMS 0x0000000705a00000, 0x0000000705a00000|
|  91|0x0000000705b00000, 0x0000000705b00000, 0x0000000705c00000|  0%| F|  |TS  0|AC  0|TAMS 0x0000000705b00000, 0x0000000705b00000|
|  92|0x0000000705c00000, 0x0000000705c00000, 0x0000000705d00000|  0%| F|  |TS  0|AC  0|TAMS 0x0000000705c00000, 0x0000000705c00000|
|  93|0x0000000705d00000, 0x0000000705d00000, 0x0000000705e00000|  0%| F|  |TS  0|AC  0|TAMS 0x0000000705d00000, 0x0000000705d00000|
|  94|0x0000000705e00000, 0x0000000705f00000, 0x0000000705f00000|100%|HS|  |TS  0|AC  0|TAMS 0x0000000705e00000, 0x0000000705e00000|
|  95|0x0000000705f00000, 0x0000000706000000, 0x0000000706000000|100%|HC|  |TS  0|AC  0|TAMS 0x0000000705f00000, 0x0000000705f00000|
|  96|0x0000000706000000, 0x0000000706100000, 0x0000000706100000|100%|HC|  |TS  0|AC  0|TAMS 0x0000000706000000, 0x0000000706000000|
|  97|0x0000000706100000, 0x0000000706100000, 0x0000000706200000|  0%| F|  |TS  0|AC  0|TAMS 0x0000000706100000, 0x0000000706100000|
|  98|0x0000000706200000, 0x0000000706200000, 0x0000000706300000|  0%| F|  |TS  0|AC  0|TAMS 0x0000000706200000, 0x0000000706200000|
|  99|0x0000000706300000, 0x0000000706300000, 0x0000000706400000|  0%| F|  |TS  0|AC  0|TAMS 0x0000000706300000, 0x0000000706300000|
| 100|0x0000000706400000, 0x0000000706400000, 0x0000000706500000|  0%| F|  |TS  0|AC  0|TAMS 0x0000000706400000, 0x0000000706400000|
| 101|0x0000000706500000, 0x0000000706500000, 0x0000000706600000|  0%| F|  |TS  0|AC  0|TAMS 0x0000000706500000, 0x0000000706500000|
| 102|0x0000000706600000, 0x0000000706600000, 0x0000000706700000|  0%| F|  |TS  0|AC  0|TAMS 0x0000000706600000, 0x0000000706600000|
| 103|0x0000000706700000, 0x0000000706700000, 0x0000000706800000|  0%| F|  |TS  0|AC  0|TAMS 0x0000000706700000, 0x0000000706700000|
| 104|0x0000000706800000, 0x0000000706800000, 0x0000000706900000|  0%| F|  |TS  0|AC  0|TAMS 0x0000000706800000, 0x0000000706800000|
| 105|0x0000000706900000, 0x0000000706900000, 0x0000000706a00000|  0%| F|  |TS  0|AC  0|TAMS 0x0000000706900000, 0x0000000706900000|
| 106|0x0000000706a00000, 0x0000000706a00000, 0x0000000706b00000|  0%| F|  |TS  0|AC  0|TAMS 0x0000000706a00000, 0x0000000706a00000|
| 107|0x0000000706b00000, 0x0000000706b00000, 0x0000000706c00000|  0%| F|  |TS  0|AC  0|TAMS 0x0000000706b00000, 0x0000000706b00000|
| 108|0x0000000706c00000, 0x0000000706c00000, 0x0000000706d00000|  0%| F|  |TS  0|AC  0|TAMS 0x0000000706c00000, 0x0000000706c00000|
| 109|0x0000000706d00000, 0x0000000706d00000, 0x0000000706e00000|  0%| F|  |TS  0|AC  0|TAMS 0x0000000706d00000, 0x0000000706d00000|
| 110|0x0000000706e00000, 0x0000000706e00000, 0x0000000706f00000|  0%| F|  |TS  0|AC  0|TAMS 0x0000000706e00000, 0x0000000706e00000|
| 111|0x0000000706f00000, 0x0000000706f00000, 0x0000000707000000|  0%| F|  |TS  0|AC  0|TAMS 0x0000000706f00000, 0x0000000706f00000|
| 112|0x0000000707000000, 0x0000000707000000, 0x0000000707100000|  0%| F|  |TS  0|AC  0|TAMS 0x0000000707000000, 0x0000000707000000|
| 113|0x0000000707100000, 0x0000000707100000, 0x0000000707200000|  0%| F|  |TS  0|AC  0|TAMS 0x0000000707100000, 0x0000000707100000|
| 114|0x0000000707200000, 0x0000000707200000, 0x0000000707300000|  0%| F|  |TS  0|AC  0|TAMS 0x0000000707200000, 0x0000000707200000|
| 115|0x0000000707300000, 0x0000000707300000, 0x0000000707400000|  0%| F|  |TS  0|AC  0|TAMS 0x0000000707300000, 0x0000000707300000|
| 116|0x0000000707400000, 0x0000000707400000, 0x0000000707500000|  0%| F|  |TS  0|AC  0|TAMS 0x0000000707400000, 0x0000000707400000|
| 117|0x0000000707500000, 0x0000000707500000, 0x0000000707600000|  0%| F|  |TS  0|AC  0|TAMS 0x0000000707500000, 0x0000000707500000|
| 118|0x0000000707600000, 0x0000000707600000, 0x0000000707700000|  0%| F|  |TS  0|AC  0|TAMS 0x0000000707600000, 0x0000000707600000|
| 119|0x0000000707700000, 0x0000000707700000, 0x0000000707800000|  0%| F|  |TS  0|AC  0|TAMS 0x0000000707700000, 0x0000000707700000|
| 120|0x0000000707800000, 0x0000000707800000, 0x0000000707900000|  0%| F|  |TS  0|AC  0|TAMS 0x0000000707800000, 0x0000000707800000|
| 121|0x0000000707900000, 0x0000000707900000, 0x0000000707a00000|  0%| F|  |TS  0|AC  0|TAMS 0x0000000707900000, 0x0000000707900000|
| 122|0x0000000707a00000, 0x0000000707a00000, 0x0000000707b00000|  0%| F|  |TS  0|AC  0|TAMS 0x0000000707a00000, 0x0000000707a00000|
| 123|0x0000000707b00000, 0x0000000707b00000, 0x0000000707c00000|  0%| F|  |TS  0|AC  0|TAMS 0x0000000707b00000, 0x0000000707b00000|
| 124|0x0000000707c00000, 0x0000000707c00000, 0x0000000707d00000|  0%| F|  |TS  0|AC  0|TAMS 0x0000000707c00000, 0x0000000707c00000|
| 125|0x0000000707d00000, 0x0000000707d00000, 0x0000000707e00000|  0%| F|  |TS  0|AC  0|TAMS 0x0000000707d00000, 0x0000000707d00000|
| 126|0x0000000707e00000, 0x0000000707e00000, 0x0000000707f00000|  0%| F|  |TS  0|AC  0|TAMS 0x0000000707e00000, 0x0000000707e00000|
| 127|0x0000000707f00000, 0x0000000707f00000, 0x0000000708000000|  0%| F|  |TS  0|AC  0|TAMS 0x0000000707f00000, 0x0000000707f00000|
| 128|0x0000000708000000, 0x0000000708000000, 0x0000000708100000|  0%| F|  |TS  0|AC  0|TAMS 0x0000000708000000, 0x0000000708000000|
| 129|0x0000000708100000, 0x0000000708100000, 0x0000000708200000|  0%| F|  |TS  0|AC  0|TAMS 0x0000000708100000, 0x0000000708100000|
| 130|0x0000000708200000, 0x0000000708200000, 0x0000000708300000|  0%| F|  |TS  0|AC  0|TAMS 0x0000000708200000, 0x0000000708200000|
| 131|0x0000000708300000, 0x0000000708300000, 0x0000000708400000|  0%| F|  |TS  0|AC  0|TAMS 0x0000000708300000, 0x0000000708300000|
| 132|0x0000000708400000, 0x0000000708400000, 0x0000000708500000|  0%| F|  |TS  0|AC  0|TAMS 0x0000000708400000, 0x0000000708400000|
| 133|0x0000000708500000, 0x0000000708500000, 0x0000000708600000|  0%| F|  |TS  0|AC  0|TAMS 0x0000000708500000, 0x0000000708500000|
| 134|0x0000000708600000, 0x0000000708600000, 0x0000000708700000|  0%| F|  |TS  0|AC  0|TAMS 0x0000000708600000, 0x0000000708600000|
| 135|0x0000000708700000, 0x0000000708700000, 0x0000000708800000|  0%| F|  |TS  0|AC  0|TAMS 0x0000000708700000, 0x0000000708700000|
| 136|0x0000000708800000, 0x0000000708800000, 0x0000000708900000|  0%| F|  |TS  0|AC  0|TAMS 0x0000000708800000, 0x0000000708800000|
| 137|0x0000000708900000, 0x0000000708900000, 0x0000000708a00000|  0%| F|  |TS  0|AC  0|TAMS 0x0000000708900000, 0x0000000708900000|
| 138|0x0000000708a00000, 0x0000000708a00000, 0x0000000708b00000|  0%| F|  |TS  0|AC  0|TAMS 0x0000000708a00000, 0x0000000708a00000|
| 139|0x0000000708b00000, 0x0000000708b00000, 0x0000000708c00000|  0%| F|  |TS  0|AC  0|TAMS 0x0000000708b00000, 0x0000000708b00000|
| 140|0x0000000708c00000, 0x0000000708c00000, 0x0000000708d00000|  0%| F|  |TS  0|AC  0|TAMS 0x0000000708c00000, 0x0000000708c00000|
| 141|0x0000000708d00000, 0x0000000708d00000, 0x0000000708e00000|  0%| F|  |TS  0|AC  0|TAMS 0x0000000708d00000, 0x0000000708d00000|
| 142|0x0000000708e00000, 0x0000000708e00000, 0x0000000708f00000|  0%| F|  |TS  0|AC  0|TAMS 0x0000000708e00000, 0x0000000708e00000|
| 143|0x0000000708f00000, 0x0000000708f00000, 0x0000000709000000|  0%| F|  |TS  0|AC  0|TAMS 0x0000000708f00000, 0x0000000708f00000|
| 144|0x0000000709000000, 0x0000000709000000, 0x0000000709100000|  0%| F|  |TS  0|AC  0|TAMS 0x0000000709000000, 0x0000000709000000|
| 145|0x0000000709100000, 0x0000000709100000, 0x0000000709200000|  0%| F|  |TS  0|AC  0|TAMS 0x0000000709100000, 0x0000000709100000|
| 146|0x0000000709200000, 0x0000000709200000, 0x0000000709300000|  0%| F|  |TS  0|AC  0|TAMS 0x0000000709200000, 0x0000000709200000|
| 147|0x0000000709300000, 0x0000000709300000, 0x0000000709400000|  0%| F|  |TS  0|AC  0|TAMS 0x0000000709300000, 0x0000000709300000|
| 148|0x0000000709400000, 0x0000000709400000, 0x0000000709500000|  0%| F|  |TS  0|AC  0|TAMS 0x0000000709400000, 0x0000000709400000|
| 149|0x0000000709500000, 0x0000000709500000, 0x0000000709600000|  0%| F|  |TS  0|AC  0|TAMS 0x0000000709500000, 0x0000000709500000|
| 150|0x0000000709600000, 0x0000000709600000, 0x0000000709700000|  0%| F|  |TS  0|AC  0|TAMS 0x0000000709600000, 0x0000000709600000|
| 151|0x0000000709700000, 0x0000000709700000, 0x0000000709800000|  0%| F|  |TS  0|AC  0|TAMS 0x0000000709700000, 0x0000000709700000|
| 152|0x0000000709800000, 0x0000000709800000, 0x0000000709900000|  0%| F|  |TS  0|AC  0|TAMS 0x0000000709800000, 0x0000000709800000|
| 153|0x0000000709900000, 0x0000000709900000, 0x0000000709a00000|  0%| F|  |TS  0|AC  0|TAMS 0x0000000709900000, 0x0000000709900000|
| 154|0x0000000709a00000, 0x0000000709a00000, 0x0000000709b00000|  0%| F|  |TS  0|AC  0|TAMS 0x0000000709a00000, 0x0000000709a00000|
| 155|0x0000000709b00000, 0x0000000709b00000, 0x0000000709c00000|  0%| F|  |TS  0|AC  0|TAMS 0x0000000709b00000, 0x0000000709b00000|
| 156|0x0000000709c00000, 0x0000000709c00000, 0x0000000709d00000|  0%| F|  |TS  0|AC  0|TAMS 0x0000000709c00000, 0x0000000709c00000|
| 157|0x0000000709d00000, 0x0000000709d00000, 0x0000000709e00000|  0%| F|  |TS  0|AC  0|TAMS 0x0000000709d00000, 0x0000000709d00000|
| 158|0x0000000709e00000, 0x0000000709e00000, 0x0000000709f00000|  0%| F|  |TS  0|AC  0|TAMS 0x0000000709e00000, 0x0000000709e00000|
| 159|0x0000000709f00000, 0x0000000709f00000, 0x000000070a000000|  0%| F|  |TS  0|AC  0|TAMS 0x0000000709f00000, 0x0000000709f00000|
| 160|0x000000070a000000, 0x000000070a000000, 0x000000070a100000|  0%| F|  |TS  0|AC  0|TAMS 0x000000070a000000, 0x000000070a000000|
| 161|0x000000070a100000, 0x000000070a100000, 0x000000070a200000|  0%| F|  |TS  0|AC  0|TAMS 0x000000070a100000, 0x000000070a100000|
| 162|0x000000070a200000, 0x000000070a200000, 0x000000070a300000|  0%| F|  |TS  0|AC  0|TAMS 0x000000070a200000, 0x000000070a200000|
| 163|0x000000070a300000, 0x000000070a300000, 0x000000070a400000|  0%| F|  |TS  0|AC  0|TAMS 0x000000070a300000, 0x000000070a300000|
| 164|0x000000070a400000, 0x000000070a400000, 0x000000070a500000|  0%| F|  |TS  0|AC  0|TAMS 0x000000070a400000, 0x000000070a400000|
| 165|0x000000070a500000, 0x000000070a500000, 0x000000070a600000|  0%| F|  |TS  0|AC  0|TAMS 0x000000070a500000, 0x000000070a500000|
| 166|0x000000070a600000, 0x000000070a600000, 0x000000070a700000|  0%| F|  |TS  0|AC  0|TAMS 0x000000070a600000, 0x000000070a600000|
| 167|0x000000070a700000, 0x000000070a700000, 0x000000070a800000|  0%| F|  |TS  0|AC  0|TAMS 0x000000070a700000, 0x000000070a700000|
| 168|0x000000070a800000, 0x000000070a800000, 0x000000070a900000|  0%| F|  |TS  0|AC  0|TAMS 0x000000070a800000, 0x000000070a800000|
| 169|0x000000070a900000, 0x000000070a900000, 0x000000070aa00000|  0%| F|  |TS  0|AC  0|TAMS 0x000000070a900000, 0x000000070a900000|
| 170|0x000000070aa00000, 0x000000070aa00000, 0x000000070ab00000|  0%| F|  |TS  0|AC  0|TAMS 0x000000070aa00000, 0x000000070aa00000|
| 171|0x000000070ab00000, 0x000000070ab00000, 0x000000070ac00000|  0%| F|  |TS  0|AC  0|TAMS 0x000000070ab00000, 0x000000070ab00000|
| 172|0x000000070ac00000, 0x000000070ac00000, 0x000000070ad00000|  0%| F|  |TS  0|AC  0|TAMS 0x000000070ac00000, 0x000000070ac00000|
| 173|0x000000070ad00000, 0x000000070ad00000, 0x000000070ae00000|  0%| F|  |TS  0|AC  0|TAMS 0x000000070ad00000, 0x000000070ad00000|
| 174|0x000000070ae00000, 0x000000070ae00000, 0x000000070af00000|  0%| F|  |TS  0|AC  0|TAMS 0x000000070ae00000, 0x000000070ae00000|
| 175|0x000000070af00000, 0x000000070af00000, 0x000000070b000000|  0%| F|  |TS  0|AC  0|TAMS 0x000000070af00000, 0x000000070af00000|
| 176|0x000000070b000000, 0x000000070b000000, 0x000000070b100000|  0%| F|  |TS  0|AC  0|TAMS 0x000000070b000000, 0x000000070b000000|
| 177|0x000000070b100000, 0x000000070b100000, 0x000000070b200000|  0%| F|  |TS  0|AC  0|TAMS 0x000000070b100000, 0x000000070b100000|
| 178|0x000000070b200000, 0x000000070b200000, 0x000000070b300000|  0%| F|  |TS  0|AC  0|TAMS 0x000000070b200000, 0x000000070b200000|
| 179|0x000000070b300000, 0x000000070b300000, 0x000000070b400000|  0%| F|  |TS  0|AC  0|TAMS 0x000000070b300000, 0x000000070b300000|
| 180|0x000000070b400000, 0x000000070b400000, 0x000000070b500000|  0%| F|  |TS  0|AC  0|TAMS 0x000000070b400000, 0x000000070b400000|
| 181|0x000000070b500000, 0x000000070b500000, 0x000000070b600000|  0%| F|  |TS  0|AC  0|TAMS 0x000000070b500000, 0x000000070b500000|
| 182|0x000000070b600000, 0x000000070b600000, 0x000000070b700000|  0%| F|  |TS  0|AC  0|TAMS 0x000000070b600000, 0x000000070b600000|
| 183|0x000000070b700000, 0x000000070b700000, 0x000000070b800000|  0%| F|  |TS  0|AC  0|TAMS 0x000000070b700000, 0x000000070b700000|
| 184|0x000000070b800000, 0x000000070b800000, 0x000000070b900000|  0%| F|  |TS  0|AC  0|TAMS 0x000000070b800000, 0x000000070b800000|
| 185|0x000000070b900000, 0x000000070b900000, 0x000000070ba00000|  0%| F|  |TS  0|AC  0|TAMS 0x000000070b900000, 0x000000070b900000|
| 186|0x000000070ba00000, 0x000000070ba00000, 0x000000070bb00000|  0%| F|  |TS  0|AC  0|TAMS 0x000000070ba00000, 0x000000070ba00000|
| 187|0x000000070bb00000, 0x000000070bb00000, 0x000000070bc00000|  0%| F|  |TS  0|AC  0|TAMS 0x000000070bb00000, 0x000000070bb00000|
| 188|0x000000070bc00000, 0x000000070bc00000, 0x000000070bd00000|  0%| F|  |TS  0|AC  0|TAMS 0x000000070bc00000, 0x000000070bc00000|
| 189|0x000000070bd00000, 0x000000070bd00000, 0x000000070be00000|  0%| F|  |TS  0|AC  0|TAMS 0x000000070bd00000, 0x000000070bd00000|
| 190|0x000000070be00000, 0x000000070be00000, 0x000000070bf00000|  0%| F|  |TS  0|AC  0|TAMS 0x000000070be00000, 0x000000070be00000|
| 191|0x000000070bf00000, 0x000000070bf00000, 0x000000070c000000|  0%| F|  |TS  0|AC  0|TAMS 0x000000070bf00000, 0x000000070bf00000|
| 192|0x000000070c000000, 0x000000070c000000, 0x000000070c100000|  0%| F|  |TS  0|AC  0|TAMS 0x000000070c000000, 0x000000070c000000|
| 193|0x000000070c100000, 0x000000070c100000, 0x000000070c200000|  0%| F|  |TS  0|AC  0|TAMS 0x000000070c100000, 0x000000070c100000|
| 194|0x000000070c200000, 0x000000070c200000, 0x000000070c300000|  0%| F|  |TS  0|AC  0|TAMS 0x000000070c200000, 0x000000070c200000|
| 195|0x000000070c300000, 0x000000070c300000, 0x000000070c400000|  0%| F|  |TS  0|AC  0|TAMS 0x000000070c300000, 0x000000070c300000|
| 196|0x000000070c400000, 0x000000070c400000, 0x000000070c500000|  0%| F|  |TS  0|AC  0|TAMS 0x000000070c400000, 0x000000070c400000|
| 197|0x000000070c500000, 0x000000070c500000, 0x000000070c600000|  0%| F|  |TS  0|AC  0|TAMS 0x000000070c500000, 0x000000070c500000|
| 198|0x000000070c600000, 0x000000070c600000, 0x000000070c700000|  0%| F|  |TS  0|AC  0|TAMS 0x000000070c600000, 0x000000070c600000|
| 199|0x000000070c700000, 0x000000070c700000, 0x000000070c800000|  0%| F|  |TS  0|AC  0|TAMS 0x000000070c700000, 0x000000070c700000|
| 200|0x000000070c800000, 0x000000070c800000, 0x000000070c900000|  0%| F|  |TS  0|AC  0|TAMS 0x000000070c800000, 0x000000070c800000|
| 201|0x000000070c900000, 0x000000070c900000, 0x000000070ca00000|  0%| F|  |TS  0|AC  0|TAMS 0x000000070c900000, 0x000000070c900000|
| 202|0x000000070ca00000, 0x000000070ca00000, 0x000000070cb00000|  0%| F|  |TS  0|AC  0|TAMS 0x000000070ca00000, 0x000000070ca00000|
| 203|0x000000070cb00000, 0x000000070cb00000, 0x000000070cc00000|  0%| F|  |TS  0|AC  0|TAMS 0x000000070cb00000, 0x000000070cb00000|
| 204|0x000000070cc00000, 0x000000070cc00000, 0x000000070cd00000|  0%| F|  |TS  0|AC  0|TAMS 0x000000070cc00000, 0x000000070cc00000|
| 205|0x000000070cd00000, 0x000000070cd00000, 0x000000070ce00000|  0%| F|  |TS  0|AC  0|TAMS 0x000000070cd00000, 0x000000070cd00000|
| 206|0x000000070ce00000, 0x000000070ce00000, 0x000000070cf00000|  0%| F|  |TS  0|AC  0|TAMS 0x000000070ce00000, 0x000000070ce00000|
| 207|0x000000070cf00000, 0x000000070cf00000, 0x000000070d000000|  0%| F|  |TS  0|AC  0|TAMS 0x000000070cf00000, 0x000000070cf00000|
| 208|0x000000070d000000, 0x000000070d000000, 0x000000070d100000|  0%| F|  |TS  0|AC  0|TAMS 0x000000070d000000, 0x000000070d000000|
| 209|0x000000070d100000, 0x000000070d100000, 0x000000070d200000|  0%| F|  |TS  0|AC  0|TAMS 0x000000070d100000, 0x000000070d100000|
| 210|0x000000070d200000, 0x000000070d200000, 0x000000070d300000|  0%| F|  |TS  0|AC  0|TAMS 0x000000070d200000, 0x000000070d200000|
| 211|0x000000070d300000, 0x000000070d300000, 0x000000070d400000|  0%| F|  |TS  0|AC  0|TAMS 0x000000070d300000, 0x000000070d300000|
| 212|0x000000070d400000, 0x000000070d400000, 0x000000070d500000|  0%| F|  |TS  0|AC  0|TAMS 0x000000070d400000, 0x000000070d400000|
| 213|0x000000070d500000, 0x000000070d500000, 0x000000070d600000|  0%| F|  |TS  0|AC  0|TAMS 0x000000070d500000, 0x000000070d500000|
| 214|0x000000070d600000, 0x000000070d600000, 0x000000070d700000|  0%| F|  |TS  0|AC  0|TAMS 0x000000070d600000, 0x000000070d600000|
| 215|0x000000070d700000, 0x000000070d700000, 0x000000070d800000|  0%| F|  |TS  0|AC  0|TAMS 0x000000070d700000, 0x000000070d700000|
| 216|0x000000070d800000, 0x000000070d800000, 0x000000070d900000|  0%| F|  |TS  0|AC  0|TAMS 0x000000070d800000, 0x000000070d800000|
| 217|0x000000070d900000, 0x000000070d900000, 0x000000070da00000|  0%| F|  |TS  0|AC  0|TAMS 0x000000070d900000, 0x000000070d900000|
| 218|0x000000070da00000, 0x000000070da00000, 0x000000070db00000|  0%| F|  |TS  0|AC  0|TAMS 0x000000070da00000, 0x000000070da00000|
| 219|0x000000070db00000, 0x000000070db00000, 0x000000070dc00000|  0%| F|  |TS  0|AC  0|TAMS 0x000000070db00000, 0x000000070db00000|
| 220|0x000000070dc00000, 0x000000070dc00000, 0x000000070dd00000|  0%| F|  |TS  0|AC  0|TAMS 0x000000070dc00000, 0x000000070dc00000|
| 221|0x000000070dd00000, 0x000000070dd00000, 0x000000070de00000|  0%| F|  |TS 13|AC  0|TAMS 0x000000070dd00000, 0x000000070dd00000|
| 222|0x000000070de00000, 0x000000070de00000, 0x000000070df00000|  0%| F|  |TS 13|AC  0|TAMS 0x000000070de00000, 0x000000070de00000|
| 223|0x000000070df00000, 0x000000070df00000, 0x000000070e000000|  0%| F|  |TS 11|AC  0|TAMS 0x000000070df00000, 0x000000070df00000|
| 224|0x000000070e000000, 0x000000070e0d0320, 0x000000070e100000| 81%| S|CS|TS 13|AC  0|TAMS 0x000000070e000000, 0x000000070e000000|
| 225|0x000000070e100000, 0x000000070e100000, 0x000000070e200000|  0%| F|  |TS 13|AC  0|TAMS 0x000000070e100000, 0x000000070e100000|
| 226|0x000000070e200000, 0x000000070e200000, 0x000000070e300000|  0%| F|  |TS 13|AC  0|TAMS 0x000000070e200000, 0x000000070e200000|
| 227|0x000000070e300000, 0x000000070e300000, 0x000000070e400000|  0%| F|  |TS 13|AC  0|TAMS 0x000000070e300000, 0x000000070e300000|
| 228|0x000000070e400000, 0x000000070e400000, 0x000000070e500000|  0%| F|  |TS 13|AC  0|TAMS 0x000000070e400000, 0x000000070e400000|
| 229|0x000000070e500000, 0x000000070e500000, 0x000000070e600000|  0%| F|  |TS 13|AC  0|TAMS 0x000000070e500000, 0x000000070e500000|
| 230|0x000000070e600000, 0x000000070e600000, 0x000000070e700000|  0%| F|  |TS 13|AC  0|TAMS 0x000000070e600000, 0x000000070e600000|
| 231|0x000000070e700000, 0x000000070e700000, 0x000000070e800000|  0%| F|  |TS 13|AC  0|TAMS 0x000000070e700000, 0x000000070e700000|
| 232|0x000000070e800000, 0x000000070e800000, 0x000000070e900000|  0%| F|  |TS 13|AC  0|TAMS 0x000000070e800000, 0x000000070e800000|
| 233|0x000000070e900000, 0x000000070e900000, 0x000000070ea00000|  0%| F|  |TS 13|AC  0|TAMS 0x000000070e900000, 0x000000070e900000|
| 234|0x000000070ea00000, 0x000000070ea00000, 0x000000070eb00000|  0%| F|  |TS 13|AC  0|TAMS 0x000000070ea00000, 0x000000070ea00000|
| 235|0x000000070eb00000, 0x000000070eb00000, 0x000000070ec00000|  0%| F|  |TS 13|AC  0|TAMS 0x000000070eb00000, 0x000000070eb00000|
| 236|0x000000070ec00000, 0x000000070ec00000, 0x000000070ed00000|  0%| F|  |TS 13|AC  0|TAMS 0x000000070ec00000, 0x000000070ec00000|
| 237|0x000000070ed00000, 0x000000070ed00000, 0x000000070ee00000|  0%| F|  |TS 13|AC  0|TAMS 0x000000070ed00000, 0x000000070ed00000|
| 238|0x000000070ee00000, 0x000000070ee00000, 0x000000070ef00000|  0%| F|  |TS 13|AC  0|TAMS 0x000000070ee00000, 0x000000070ee00000|
| 239|0x000000070ef00000, 0x000000070ef00000, 0x000000070f000000|  0%| F|  |TS 13|AC  0|TAMS 0x000000070ef00000, 0x000000070ef00000|
| 240|0x000000070f000000, 0x000000070f000000, 0x000000070f100000|  0%| F|  |TS 13|AC  0|TAMS 0x000000070f000000, 0x000000070f000000|
| 241|0x000000070f100000, 0x000000070f100000, 0x000000070f200000|  0%| F|  |TS 13|AC  0|TAMS 0x000000070f100000, 0x000000070f100000|
| 242|0x000000070f200000, 0x000000070f200000, 0x000000070f300000|  0%| F|  |TS 13|AC  0|TAMS 0x000000070f200000, 0x000000070f200000|
| 243|0x000000070f300000, 0x000000070f300000, 0x000000070f400000|  0%| F|  |TS 13|AC  0|TAMS 0x000000070f300000, 0x000000070f300000|
| 244|0x000000070f400000, 0x000000070f400000, 0x000000070f500000|  0%| F|  |TS 13|AC  0|TAMS 0x000000070f400000, 0x000000070f400000|
| 245|0x000000070f500000, 0x000000070f500000, 0x000000070f600000|  0%| F|  |TS 13|AC  0|TAMS 0x000000070f500000, 0x000000070f500000|
| 246|0x000000070f600000, 0x000000070f600000, 0x000000070f700000|  0%| F|  |TS 13|AC  0|TAMS 0x000000070f600000, 0x000000070f600000|
| 247|0x000000070f700000, 0x000000070f700000, 0x000000070f800000|  0%| F|  |TS 13|AC  0|TAMS 0x000000070f700000, 0x000000070f700000|
| 248|0x000000070f800000, 0x000000070f800000, 0x000000070f900000|  0%| F|  |TS 13|AC  0|TAMS 0x000000070f800000, 0x000000070f800000|
| 249|0x000000070f900000, 0x000000070f900000, 0x000000070fa00000|  0%| F|  |TS 13|AC  0|TAMS 0x000000070f900000, 0x000000070f900000|
| 250|0x000000070fa00000, 0x000000070fa00000, 0x000000070fb00000|  0%| F|  |TS 13|AC  0|TAMS 0x000000070fa00000, 0x000000070fa00000|
| 251|0x000000070fb00000, 0x000000070fb00000, 0x000000070fc00000|  0%| F|  |TS 13|AC  0|TAMS 0x000000070fb00000, 0x000000070fb00000|
| 252|0x000000070fc00000, 0x000000070fc00000, 0x000000070fd00000|  0%| F|  |TS 13|AC  0|TAMS 0x000000070fc00000, 0x000000070fc00000|
| 253|0x000000070fd00000, 0x000000070fdbce18, 0x000000070fe00000| 73%| E|  |TS 13|AC  0|TAMS 0x000000070fd00000, 0x000000070fd00000|
| 254|0x000000070fe00000, 0x000000070ff00000, 0x000000070ff00000|100%| E|CS|TS 13|AC  0|TAMS 0x000000070fe00000, 0x000000070fe00000|
| 255|0x000000070ff00000, 0x0000000710000000, 0x0000000710000000|100%| E|CS|TS 13|AC  0|TAMS 0x000000070ff00000, 0x000000070ff00000|
| 256|0x0000000710000000, 0x0000000710100000, 0x0000000710100000|100%| E|CS|TS 13|AC  0|TAMS 0x0000000710000000, 0x0000000710000000|
| 257|0x0000000710100000, 0x0000000710200000, 0x0000000710200000|100%| E|CS|TS 13|AC  0|TAMS 0x0000000710100000, 0x0000000710100000|
| 258|0x0000000710200000, 0x0000000710300000, 0x0000000710300000|100%| E|CS|TS 13|AC  0|TAMS 0x0000000710200000, 0x0000000710200000|
| 259|0x0000000710300000, 0x0000000710400000, 0x0000000710400000|100%| E|CS|TS 13|AC  0|TAMS 0x0000000710300000, 0x0000000710300000|
| 260|0x0000000710400000, 0x0000000710500000, 0x0000000710500000|100%| E|CS|TS 13|AC  0|TAMS 0x0000000710400000, 0x0000000710400000|
| 261|0x0000000710500000, 0x0000000710600000, 0x0000000710600000|100%| E|CS|TS 13|AC  0|TAMS 0x0000000710500000, 0x0000000710500000|
| 262|0x0000000710600000, 0x0000000710700000, 0x0000000710700000|100%| E|CS|TS 13|AC  0|TAMS 0x0000000710600000, 0x0000000710600000|
| 263|0x0000000710700000, 0x0000000710800000, 0x0000000710800000|100%| E|CS|TS 13|AC  0|TAMS 0x0000000710700000, 0x0000000710700000|
| 264|0x0000000710800000, 0x0000000710900000, 0x0000000710900000|100%| E|CS|TS 13|AC  0|TAMS 0x0000000710800000, 0x0000000710800000|
| 265|0x0000000710900000, 0x0000000710a00000, 0x0000000710a00000|100%| E|CS|TS 13|AC  0|TAMS 0x0000000710900000, 0x0000000710900000|
| 266|0x0000000710a00000, 0x0000000710b00000, 0x0000000710b00000|100%| E|CS|TS 13|AC  0|TAMS 0x0000000710a00000, 0x0000000710a00000|
| 267|0x0000000710b00000, 0x0000000710c00000, 0x0000000710c00000|100%| E|CS|TS 13|AC  0|TAMS 0x0000000710b00000, 0x0000000710b00000|
| 268|0x0000000710c00000, 0x0000000710d00000, 0x0000000710d00000|100%| E|CS|TS 13|AC  0|TAMS 0x0000000710c00000, 0x0000000710c00000|
| 269|0x0000000710d00000, 0x0000000710e00000, 0x0000000710e00000|100%| E|CS|TS 13|AC  0|TAMS 0x0000000710d00000, 0x0000000710d00000|
| 270|0x0000000710e00000, 0x0000000710f00000, 0x0000000710f00000|100%| E|CS|TS 13|AC  0|TAMS 0x0000000710e00000, 0x0000000710e00000|
| 271|0x0000000710f00000, 0x0000000711000000, 0x0000000711000000|100%| E|CS|TS 13|AC  0|TAMS 0x0000000710f00000, 0x0000000710f00000|
| 272|0x0000000711000000, 0x0000000711100000, 0x0000000711100000|100%| E|CS|TS 13|AC  0|TAMS 0x0000000711000000, 0x0000000711000000|
| 273|0x0000000711100000, 0x0000000711200000, 0x0000000711200000|100%| E|CS|TS 13|AC  0|TAMS 0x0000000711100000, 0x0000000711100000|
| 274|0x0000000711200000, 0x0000000711300000, 0x0000000711300000|100%| E|CS|TS 13|AC  0|TAMS 0x0000000711200000, 0x0000000711200000|
| 275|0x0000000711300000, 0x0000000711400000, 0x0000000711400000|100%| E|CS|TS 13|AC  0|TAMS 0x0000000711300000, 0x0000000711300000|
| 276|0x0000000711400000, 0x0000000711500000, 0x0000000711500000|100%| E|CS|TS 13|AC  0|TAMS 0x0000000711400000, 0x0000000711400000|
| 277|0x0000000711500000, 0x0000000711600000, 0x0000000711600000|100%| E|CS|TS 13|AC  0|TAMS 0x0000000711500000, 0x0000000711500000|
| 278|0x0000000711600000, 0x0000000711700000, 0x0000000711700000|100%| E|CS|TS 13|AC  0|TAMS 0x0000000711600000, 0x0000000711600000|
| 279|0x0000000711700000, 0x0000000711800000, 0x0000000711800000|100%| E|CS|TS 13|AC  0|TAMS 0x0000000711700000, 0x0000000711700000|
| 280|0x0000000711800000, 0x0000000711900000, 0x0000000711900000|100%| E|CS|TS 13|AC  0|TAMS 0x0000000711800000, 0x0000000711800000|
| 281|0x0000000711900000, 0x0000000711a00000, 0x0000000711a00000|100%| E|CS|TS 13|AC  0|TAMS 0x0000000711900000, 0x0000000711900000|
| 282|0x0000000711a00000, 0x0000000711b00000, 0x0000000711b00000|100%| E|CS|TS 13|AC  0|TAMS 0x0000000711a00000, 0x0000000711a00000|

Card table byte_map: [0x000001ad55790000,0x000001ad55d90000] byte_map_base: 0x000001ad51f90000

Marking Bits (Prev, Next): (CMBitMap*) 0x000001ad584fc830, (CMBitMap*) 0x000001ad584fc868
 Prev Bits: [0x000001ad5a4e0000, 0x000001ad5d4e0000)
 Next Bits: [0x000001ad5d4e0000, 0x000001ad604e0000)

Polling page: 0x000001ad37d20000

CodeHeap 'non-profiled nmethods': size=120000Kb used=22964Kb max_used=22964Kb free=97035Kb
 bounds [0x000001ad4d660000, 0x000001ad4ece0000, 0x000001ad54b90000]
CodeHeap 'profiled nmethods': size=120000Kb used=43461Kb max_used=44979Kb free=76538Kb
 bounds [0x000001ad46130000, 0x000001ad48d70000, 0x000001ad4d660000]
CodeHeap 'non-nmethods': size=5760Kb used=1768Kb max_used=1826Kb free=3991Kb
 bounds [0x000001ad45b90000, 0x000001ad45e00000, 0x000001ad46130000]
 total_blobs=35629 nmethods=18504 adapters=1083
 compilation: enabled

Compilation events (10 events):
Event: 5777.513 Thread 0x000001ad72fd7800 24563       3       ui.frmwork.d.e::gQz (18 bytes)
Event: 5777.513 Thread 0x000001ad72fd7800 nmethod 24563 0x000001ad47024090 code [0x000001ad47024280, 0x000001ad470246f0]
Event: 5778.924 Thread 0x000001ad72fd7800 24565   !   3       com.jidesoft.editor.folding.DefaultFoldingModel$b_::addFoldingSpan (286 bytes)
Event: 5778.924 Thread 0x000001ad72fd7800 

Event: 5780.124 Thread 0x000001ad72fd7800 24566       3       com.jidesoft.editor.folding.DefaultFoldingModel::rebuild (8 bytes)
Event: 5780.124 Thread 0x000001ad72fd7800 nmethod 24566 0x000001ad4699ec90 code [0x000001ad4699ee40, 0x000001ad4699efd0]
Event: 5780.125 Thread 0x000001ad72fd7800 24567  s    3       ui.views.V.a.aS::a (30 bytes)
Event: 5780.126 Thread 0x000001ad72fd7800 nmethod 24567 0x000001ad47047710 code [0x000001ad470478e0, 0x000001ad47047e70]
Event: 5780.126 Thread 0x000001ad72fd7800 24568  s    3       com.jidesoft.editor.folding.DefaultFoldingModel::addFoldingSpan (73 bytes)
Event: 5780.126 Thread 0x000001ad72fd7800 nmethod 24568 0x000001ad47423b90 code [0x000001ad47423da0, 0x000001ad47424800]

GC Heap History (10 events):
Event: 5750.713 GC heap before
{Heap before GC invocations=515 (full 151):
 garbage-first heap   total 289792K, used 151941K [0x0000000700000000, 0x00000007001008d8, 0x00000007c0000000)
  region size 1024K, 60 young (61440K), 2 survivors (2048K)
 Metaspace       used 86760K, capacity 88773K, committed 95948K, reserved 1132544K
  class space    used 11855K, capacity 12284K, committed 13772K, reserved 1048576K
}
Event: 5750.716 GC heap after
{Heap after GC invocations=516 (full 151):
 garbage-first heap   total 289792K, used 92027K [0x0000000700000000, 0x00000007001008d8, 0x00000007c0000000)
  region size 1024K, 1 young (1024K), 1 survivors (1024K)
 Metaspace       used 86760K, capacity 88773K, committed 95948K, reserved 1132544K
  class space    used 11855K, capacity 12284K, committed 13772K, reserved 1048576K
}
Event: 5752.035 GC heap before
{Heap before GC invocations=516 (full 151):
 garbage-first heap   total 289792K, used 152443K [0x0000000700000000, 0x00000007001008d8, 0x00000007c0000000)
  region size 1024K, 60 young (61440K), 1 survivors (1024K)
 Metaspace       used 86760K, capacity 88773K, committed 95948K, reserved 1132544K
  class space    used 11855K, capacity 12284K, committed 13772K, reserved 1048576K
}
Event: 5752.038 GC heap after
{Heap after GC invocations=517 (full 151):
 garbage-first heap   total 289792K, used 91932K [0x0000000700000000, 0x00000007001008d8, 0x00000007c0000000)
  region size 1024K, 1 young (1024K), 1 survivors (1024K)
 Metaspace       used 86760K, capacity 88773K, committed 95948K, reserved 1132544K
  class space    used 11855K, capacity 12284K, committed 13772K, reserved 1048576K
}
Event: 5771.935 GC heap before
{Heap before GC invocations=517 (full 151):
 garbage-first heap   total 289792K, used 152348K [0x0000000700000000, 0x00000007001008d8, 0x00000007c0000000)
  region size 1024K, 60 young (61440K), 1 survivors (1024K)
 Metaspace       used 86761K, capacity 88773K, committed 95948K, reserved 1132544K
  class space    used 11855K, capacity 12284K, committed 13772K, reserved 1048576K
}
Event: 5771.938 GC heap after
{Heap after GC invocations=518 (full 151):
 garbage-first heap   total 289792K, used 91861K [0x0000000700000000, 0x00000007001008d8, 0x00000007c0000000)
  region size 1024K, 1 young (1024K), 1 survivors (1024K)
 Metaspace       used 86761K, capacity 88773K, committed 95948K, reserved 1132544K
  class space    used 11855K, capacity 12284K, committed 13772K, reserved 1048576K
}
Event: 5773.052 GC heap before
{Heap before GC invocations=518 (full 151):
 garbage-first heap   total 289792K, used 152277K [0x0000000700000000, 0x00000007001008d8, 0x00000007c0000000)
  region size 1024K, 60 young (61440K), 1 survivors (1024K)
 Metaspace       used 86766K, capacity 88837K, committed 95948K, reserved 1132544K
  class space    used 11855K, capacity 12284K, committed 13772K, reserved 1048576K
}
Event: 5773.055 GC heap after
{Heap after GC invocations=519 (full 151):
 garbage-first heap   total 289792K, used 92698K [0x0000000700000000, 0x00000007001008d8, 0x00000007c0000000)
  region size 1024K, 2 young (2048K), 2 survivors (2048K)
 Metaspace       used 86766K, capacity 88837K, committed 95948K, reserved 1132544K
  class space    used 11855K, capacity 12284K, committed 13772K, reserved 1048576K
}
Event: 5776.316 GC heap before
{Heap before GC invocations=519 (full 151):
 garbage-first heap   total 289792K, used 152090K [0x0000000700000000, 0x00000007001008d8, 0x00000007c0000000)
  region size 1024K, 60 young (61440K), 2 survivors (2048K)
 Metaspace       used 86776K, capacity 88837K, committed 95948K, reserved 1132544K
  class space    used 11855K, capacity 12284K, committed 13772K, reserved 1048576K
}
Event: 5776.320 GC heap after
{Heap after GC invocations=520 (full 151):
 garbage-first heap   total 289792K, used 92115K [0x0000000700000000, 0x00000007001008d8, 0x00000007c0000000)
  region size 1024K, 1 young (1024K), 1 survivors (1024K)
 Metaspace       used 86776K, capacity 88837K, committed 95948K, reserved 1132544K
  class space    used 11855K, capacity 12284K, committed 13772K, reserved 1048576K
}

Deoptimization events (10 events):
Event: 5508.316 Thread 0x000001ad64ffa800 Uncommon trap: reason=unstable_if action=reinterpret pc=0x000001ad4e3af8ec method=javax.swing.JComponent.processMouseMotionEvent(Ljava/awt/event/MouseEvent;)V @ 23 c2
Event: 5603.261 Thread 0x000001ad64ffa800 Uncommon trap: reason=class_check action=maybe_recompile pc=0x000001ad4df48e38 method=java.awt.AWTEvent.setSource(Ljava/lang/Object;)V @ 12 c2
Event: 5603.261 Thread 0x000001ad64ffa800 Uncommon trap: reason=unstable_if action=reinterpret pc=0x000001ad4de26f2c method=java.awt.Component.getFocusTraversalKeys_NoIDCheck(I)Ljava/util/Set; @ 30 c2
Event: 5603.261 Thread 0x000001ad64ffa800 Uncommon trap: reason=class_check action=maybe_recompile pc=0x000001ad4e40c7d4 method=java.awt.Component.dispatchEventImpl(Ljava/awt/AWTEvent;)V @ 417 c2
Event: 5603.421 Thread 0x000001ad64ffa800 Uncommon trap: reason=class_check action=maybe_recompile pc=0x000001ad4df48e38 method=java.awt.AWTEvent.setSource(Ljava/lang/Object;)V @ 12 c2
Event: 5603.421 Thread 0x000001ad64ffa800 Uncommon trap: reason=class_check action=maybe_recompile pc=0x000001ad4e40c7d4 method=java.awt.Component.dispatchEventImpl(Ljava/awt/AWTEvent;)V @ 417 c2
Event: 5634.547 Thread 0x000001ad64ffa800 Uncommon trap: reason=unstable_if action=reinterpret pc=0x000001ad4e2fe030 method=com.jidesoft.editor.CodeEditor.getLineText(ILjavax/swing/text/Segment;)Z @ 24 c2
Event: 5728.542 Thread 0x000001ad64ffa800 Uncommon trap: reason=range_check action=make_not_entrant pc=0x000001ad4dd2ef24 method=ui.views.V.a.bM.markTokensImpl(BLjavax/swing/text/Segment;I)B @ 705 c2
Event: 5735.791 Thread 0x000001ad64ffa800 Uncommon trap: reason=class_check action=maybe_recompile pc=0x000001ad4e390464 method=javax.swing.plaf.synth.ParsedSynthStyle$DelegatingPainter.paintPanelBackground(Ljavax/swing/plaf/synth/SynthContext;Ljava/awt/Graphics;IIII)V @ 16 c2
Event: 5775.816 Thread 0x000001ad64ffa800 Uncommon trap: reason=class_check action=maybe_recompile pc=0x000001ad4e38e01c method=javax.swing.plaf.synth.ParsedSynthStyle$DelegatingPainter.paintPanelBackground(Ljavax/swing/plaf/synth/SynthContext;Ljava/awt/Graphics;IIII)V @ 16 c2

Classes redefined (0 events):
No events

Internal exceptions (10 events):
Event: 5755.873 Thread 0x000001ad64ffa800 Exception <a 'java/io/FileNotFoundException'{0x000000070fd6efc0}> (0x000000070fd6efc0) thrown at [t:/workspace/hotspot/src/share/vm/prims/jni.cpp, line 604]
Event: 5755.873 Thread 0x000001ad64ffa800 Exception <a 'java/io/FileNotFoundException'{0x000000070fd6f6d0}> (0x000000070fd6f6d0) thrown at [t:/workspace/hotspot/src/share/vm/prims/jni.cpp, line 604]
Event: 5760.874 Thread 0x000001ad64ffa800 Exception <a 'java/io/FileNotFoundException'{0x000000070f89d5a8}> (0x000000070f89d5a8) thrown at [t:/workspace/hotspot/src/share/vm/prims/jni.cpp, line 604]
Event: 5760.874 Thread 0x000001ad64ffa800 Exception <a 'java/io/FileNotFoundException'{0x000000070f89dcb8}> (0x000000070f89dcb8) thrown at [t:/workspace/hotspot/src/share/vm/prims/jni.cpp, line 604]
Event: 5765.875 Thread 0x000001ad64ffa800 Exception <a 'java/io/FileNotFoundException'{0x000000070f287590}> (0x000000070f287590) thrown at [t:/workspace/hotspot/src/share/vm/prims/jni.cpp, line 604]
Event: 5765.875 Thread 0x000001ad64ffa800 Exception <a 'java/io/FileNotFoundException'{0x000000070f287ca0}> (0x000000070f287ca0) thrown at [t:/workspace/hotspot/src/share/vm/prims/jni.cpp, line 604]
Event: 5770.876 Thread 0x000001ad64ffa800 Exception <a 'java/io/FileNotFoundException'{0x000000070e46e558}> (0x000000070e46e558) thrown at [t:/workspace/hotspot/src/share/vm/prims/jni.cpp, line 604]
Event: 5770.876 Thread 0x000001ad64ffa800 Exception <a 'java/io/FileNotFoundException'{0x000000070e46ec68}> (0x000000070e46ec68) thrown at [t:/workspace/hotspot/src/share/vm/prims/jni.cpp, line 604]
Event: 5775.877 Thread 0x000001ad64ffa800 Exception <a 'java/io/FileNotFoundException'{0x000000070f6d2740}> (0x000000070f6d2740) thrown at [t:/workspace/hotspot/src/share/vm/prims/jni.cpp, line 604]
Event: 5775.877 Thread 0x000001ad64ffa800 Exception <a 'java/io/FileNotFoundException'{0x000000070f6d3220}> (0x000000070f6d3220) thrown at [t:/workspace/hotspot/src/share/vm/prims/jni.cpp, line 604]

Events (10 events):
Event: 5778.137 Executing VM operation: RevokeBias done
Event: 5778.137 Thread 0x000001ad672c7800 Thread exited: 0x000001ad672c7800
Event: 5779.068 Thread 0x000001ad672cc000 Thread added: 0x000001ad672cc000
Event: 5779.072 Thread 0x000001ad672cc000 Thread exited: 0x000001ad672cc000
Event: 5780.070 Thread 0x000001ad672c7800 Thread added: 0x000001ad672c7800
Event: 5780.073 Thread 0x000001ad672c7800 Thread exited: 0x000001ad672c7800
Event: 5780.467 Thread 0x000001ad672c7000 Thread added: 0x000001ad672c7000
Event: 5780.470 Executing VM operation: RevokeBias
Event: 5780.470 Executing VM operation: RevokeBias done
Event: 5780.470 Thread 0x000001ad672c7000 Thread exited: 0x000001ad672c7000


Dynamic libraries:
0x00007ff6e2460000 - 0x00007ff6e2490000 	S:\Xilinx\Vivado\2020.1\bin\unwrapped\win64.o\vivado.exe
0x00007ff8c0890000 - 0x00007ff8c0a86000 	C:\WINDOWS\SYSTEM32\ntdll.dll
0x00007ff8bfb30000 - 0x00007ff8bfbed000 	C:\WINDOWS\System32\KERNEL32.DLL
0x00007ff8be0a0000 - 0x00007ff8be368000 	C:\WINDOWS\System32\KERNELBASE.dll
0x00007ff8be800000 - 0x00007ff8be900000 	C:\WINDOWS\System32\ucrtbase.dll
0x00007ff8989f0000 - 0x00007ff898a81000 	C:\WINDOWS\SYSTEM32\MSVCP140.dll
0x00007ff89b8f0000 - 0x00007ff89b909000 	C:\WINDOWS\SYSTEM32\VCRUNTIME140.dll
0x00007ff89c260000 - 0x00007ff89c26c000 	C:\WINDOWS\SYSTEM32\VCRUNTIME140_1.dll
0x00007ff8b7d50000 - 0x00007ff8b7d64000 	S:\Xilinx\Vivado\2020.1\lib\win64.o\libboost_signals.dll
0x00007ff8b1790000 - 0x00007ff8b17aa000 	S:\Xilinx\Vivado\2020.1\lib\win64.o\librdi_commonmain.dll
0x00007ff8bb8b0000 - 0x00007ff8bb8ba000 	S:\Xilinx\Vivado\2020.1\lib\win64.o\librdi_commonversion.dll
0x00007ff8b1760000 - 0x00007ff8b1786000 	S:\Xilinx\Vivado\2020.1\lib\win64.o\libboost_filesystem.dll
0x00007ff8c05d0000 - 0x00007ff8c067a000 	C:\WINDOWS\System32\ADVAPI32.dll
0x00007ff8bfce0000 - 0x00007ff8bfd7e000 	C:\WINDOWS\System32\msvcrt.dll
0x00007ff8bf900000 - 0x00007ff8bf99b000 	C:\WINDOWS\System32\sechost.dll
0x00007ff8bec60000 - 0x00007ff8bed84000 	C:\WINDOWS\System32\RPCRT4.dll
0x00007ff87d6d0000 - 0x00007ff87d871000 	S:\Xilinx\Vivado\2020.1\lib\win64.o\librdi_commonxillic.dll
0x00007ff8bed90000 - 0x00007ff8bef30000 	C:\WINDOWS\System32\USER32.dll
0x00007ff8bdfe0000 - 0x00007ff8be002000 	C:\WINDOWS\System32\win32u.dll
0x00007ff8c04d0000 - 0x00007ff8c04fa000 	C:\WINDOWS\System32\GDI32.dll
0x00007ff8be6f0000 - 0x00007ff8be7f9000 	C:\WINDOWS\System32\gdi32full.dll
0x00007ff8be370000 - 0x00007ff8be40d000 	C:\WINDOWS\System32\msvcp_win.dll
0x00007ff8bfc70000 - 0x00007ff8bfcdb000 	C:\WINDOWS\System32\WS2_32.dll
0x00007ff8be070000 - 0x00007ff8be097000 	C:\WINDOWS\System32\bcrypt.dll
0x0000000069350000 - 0x000000006947b000 	S:\Xilinx\Vivado\2020.1\lib\win64.o\tcl85t.dll
0x00007ff8b9ab0000 - 0x00007ff8b9abb000 	S:\Xilinx\Vivado\2020.1\lib\win64.o\libboost_system.dll
0x00007ff825dd0000 - 0x00007ff826e96000 	S:\Xilinx\Vivado\2020.1\lib\win64.o\librdi_common.dll
0x00007ff8bfd90000 - 0x00007ff8c04d0000 	C:\WINDOWS\System32\SHELL32.dll
0x00007ff878820000 - 0x00007ff878afb000 	S:\Xilinx\Vivado\2020.1\lib\win64.o\libXil_lmgr11.dll
0x00007ff8c0710000 - 0x00007ff8c07ea000 	C:\WINDOWS\System32\COMDLG32.dll
0x00007ff8be900000 - 0x00007ff8bec55000 	C:\WINDOWS\System32\combase.dll
0x00007ff8bf690000 - 0x00007ff8bf73e000 	C:\WINDOWS\System32\shcore.dll
0x00007ff8c07f0000 - 0x00007ff8c0845000 	C:\WINDOWS\System32\SHLWAPI.dll
0x00007ff8c0500000 - 0x00007ff8c05cd000 	C:\WINDOWS\System32\OLEAUT32.dll
0x00007ff8bf090000 - 0x00007ff8bf1ba000 	C:\WINDOWS\System32\ole32.dll
0x00007ff8be010000 - 0x00007ff8be070000 	C:\WINDOWS\System32\WINTRUST.dll
0x00007ff8be540000 - 0x00007ff8be69d000 	C:\WINDOWS\System32\CRYPT32.dll
0x00007ff89e9e0000 - 0x00007ff89eaf4000 	S:\Xilinx\Vivado\2020.1\lib\win64.o\libboost_regex.dll
0x00007ff85e4a0000 - 0x00007ff85e80e000 	S:\Xilinx\Vivado\2020.1\lib\win64.o\libCOIN-all.dll
0x00007ff8b1680000 - 0x00007ff8b1694000 	S:\Xilinx\Vivado\2020.1\lib\win64.o\libboost_date_time.dll
0x00007ff890d30000 - 0x00007ff890daf000 	S:\Xilinx\Vivado\2020.1\lib\win64.o\libboost_program_options.dll
0x00007ff8b1650000 - 0x00007ff8b1671000 	S:\Xilinx\Vivado\2020.1\lib\win64.o\libboost_thread.dll
0x00007ff8b9200000 - 0x00007ff8b920f000 	S:\Xilinx\Vivado\2020.1\lib\win64.o\libboost_xilinx.dll
0x00007ff87f5c0000 - 0x00007ff87f642000 	S:\Xilinx\Vivado\2020.1\lib\win64.o\libhdlpsolve.dll
0x00007ff87d620000 - 0x00007ff87d6c5000 	S:\Xilinx\Vivado\2020.1\lib\win64.o\libhdxml.dll
0x00007ff89edd0000 - 0x00007ff89edfe000 	S:\Xilinx\Vivado\2020.1\lib\win64.o\libisl_sysinfo.dll
0x00007ff88ef40000 - 0x00007ff88efa5000 	S:\Xilinx\Vivado\2020.1\lib\win64.o\liblmx6.0.dll
0x00007ff8b1630000 - 0x00007ff8b164a000 	S:\Xilinx\Vivado\2020.1\lib\win64.o\pthreadVC2.dll
0x00007ff8b1460000 - 0x00007ff8b147c000 	S:\Xilinx\Vivado\2020.1\lib\win64.o\librdiconfig.dll
0x00007ff89e9b0000 - 0x00007ff89e9d1000 	S:\Xilinx\Vivado\2020.1\lib\win64.o\librdizlib.dll
0x00007ff8a7ac0000 - 0x00007ff8a7ad8000 	C:\WINDOWS\SYSTEM32\NETAPI32.dll
0x00007ff8a80d0000 - 0x00007ff8a85aa000 	C:\WINDOWS\SYSTEM32\WININET.dll
0x00007ff8b5bd0000 - 0x00007ff8b5cd0000 	C:\WINDOWS\SYSTEM32\WINHTTP.dll
0x00007ff8ab810000 - 0x00007ff8ab9fd000 	C:\WINDOWS\SYSTEM32\urlmon.dll
0x0000000012000000 - 0x0000000012270000 	S:\Xilinx\Vivado\2020.1\lib\win64.o\xerces-c_3_1.dll
0x00007ff8b9aa0000 - 0x00007ff8b9aa9000 	C:\WINDOWS\SYSTEM32\WSOCK32.dll
0x00007ff890d00000 - 0x00007ff890d2d000 	C:\WINDOWS\SYSTEM32\VCOMP140.DLL
0x00007ff8b9100000 - 0x00007ff8b91b0000 	C:\WINDOWS\WinSxS\amd64_microsoft.windows.common-controls_6595b64144ccf1df_5.82.19041.488_none_4238de57f6b64d28\COMCTL32.dll
0x00007ff8b72b0000 - 0x00007ff8b72cd000 	C:\WINDOWS\SYSTEM32\dhcpcsvc.DLL
0x00007ff824f30000 - 0x00007ff825dc1000 	S:\Xilinx\Vivado\2020.1\lib\win64.o\gurobi65.dll
0x00007ff8ac0c0000 - 0x00007ff8ac370000 	C:\WINDOWS\SYSTEM32\iertutil.dll
0x00007ff8b8d20000 - 0x00007ff8b8d2d000 	S:\Xilinx\Vivado\2020.1\lib\win64.o\libboost_chrono.dll
0x00007ff824270000 - 0x00007ff824f25a00 	S:\Xilinx\Vivado\2020.1\lib\win64.o\libisl_iostreams.dll
0x00007ff8bd4c0000 - 0x00007ff8bd4cc000 	C:\WINDOWS\SYSTEM32\NETUTILS.DLL
0x00007ff8bd700000 - 0x00007ff8bd76a000 	C:\WINDOWS\SYSTEM32\MSWSOCK.DLL
0x00007ff8a8fd0000 - 0x00007ff8a8feb000 	S:\Xilinx\Vivado\2020.1\lib\win64.o\libboost_iostreams.dll
0x00007ff888a70000 - 0x00007ff888a95000 	S:\Xilinx\Vivado\2020.1\lib\win64.o\libisl_iosutils.dll
0x00007ff8befb0000 - 0x00007ff8befe0000 	C:\WINDOWS\System32\IMM32.DLL
0x00007ff8bdbd0000 - 0x00007ff8bdbe2000 	C:\WINDOWS\SYSTEM32\MSASN1.dll
0x00007ff8bbed0000 - 0x00007ff8bbee2000 	C:\WINDOWS\SYSTEM32\kernel.appcore.dll
0x00007ff83a810000 - 0x00007ff83ad0c000 	S:\Xilinx\Vivado\2020.1\lib\win64.o\librdi_commontasks.dll
0x00007ff8b86f0000 - 0x00007ff8b86fa000 	C:\WINDOWS\SYSTEM32\VERSION.dll
0x00007ff8482f0000 - 0x00007ff8485d4000 	S:\Xilinx\Vivado\2020.1\lib\win64.o\librdi_sio.dll
0x00007ff8bd3b0000 - 0x00007ff8bd3eb000 	C:\WINDOWS\SYSTEM32\IPHLPAPI.DLL
0x0000000068920000 - 0x0000000069345000 	S:\Xilinx\Vivado\2020.1\tps\win64\jre9.0.4\bin\server\jvm.dll
0x00007ff8bf8f0000 - 0x00007ff8bf8f8000 	C:\WINDOWS\System32\PSAPI.DLL
0x00007ff8a7cf0000 - 0x00007ff8a7d17000 	C:\WINDOWS\SYSTEM32\WINMM.dll
0x00007ff8a7bb0000 - 0x00007ff8a7c9f000 	C:\WINDOWS\SYSTEM32\MSVCR120.dll
0x00007ff8bc0d0000 - 0x00007ff8bc864000 	C:\WINDOWS\SYSTEM32\windows.storage.dll
0x00007ff8bd980000 - 0x00007ff8bd9ac000 	C:\WINDOWS\SYSTEM32\Wldp.dll
0x00007ff821bd0000 - 0x00007ff824265000 	S:\Xilinx\Vivado\2020.1\lib\win64.o\librdi_tcltasks.dll
0x00007ff87d520000 - 0x00007ff87d616000 	S:\Xilinx\Vivado\2020.1\lib\win64.o\librdi_chipscope.dll
0x00007ff82d180000 - 0x00007ff82d646000 	S:\Xilinx\Vivado\2020.1\lib\win64.o\librdi_bitstream.dll
0x00007ff87f540000 - 0x00007ff87f5bb000 	S:\Xilinx\Vivado\2020.1\lib\win64.o\librdi_boarddep.dll
0x00007ff878660000 - 0x00007ff878813000 	S:\Xilinx\Vivado\2020.1\lib\win64.o\librdi_board.dll
0x00007ff85e2d0000 - 0x00007ff85e491000 	S:\Xilinx\Vivado\2020.1\lib\win64.o\librdi_chipscopeimpl.dll
0x00007ff847fd0000 - 0x00007ff84812b000 	S:\Xilinx\Vivado\2020.1\lib\win64.o\librdi_containers.dll
0x00007ff81ffa0000 - 0x00007ff821bca000 	S:\Xilinx\Vivado\2020.1\lib\win64.o\librdi_constraints.dll
0x00007ff81de30000 - 0x00007ff81ff9d000 	S:\Xilinx\Vivado\2020.1\lib\win64.o\librdi_coregen.dll
0x00007ff82baf0000 - 0x00007ff82c1c9000 	S:\Xilinx\Vivado\2020.1\lib\win64.o\librdi_coregenipxact.dll
0x00007ff819b00000 - 0x00007ff81de2e000 	S:\Xilinx\Vivado\2020.1\lib\win64.o\librdi_designutils.dll
0x00007ff82b7a0000 - 0x00007ff82baeb000 	S:\Xilinx\Vivado\2020.1\lib\win64.o\librdi_dlyest.dll
0x00007ff87d230000 - 0x00007ff87d2f4000 	S:\Xilinx\Vivado\2020.1\lib\win64.o\librdi_dsp.dll
0x00007ff801610000 - 0x00007ff801c2e000 	S:\Xilinx\Vivado\2020.1\lib\win64.o\librdi_drc.dll
0x00007ff801c30000 - 0x00007ff819b00000 	S:\Xilinx\Vivado\2020.1\lib\win64.o\librdi_device.dll
0x00007ff87d4a0000 - 0x00007ff87d517000 	S:\Xilinx\Vivado\2020.1\lib\win64.o\librdi_hdf.dll
0x00007ff8012f0000 - 0x00007ff80160c000 	S:\Xilinx\Vivado\2020.1\lib\win64.o\librdi_guitools.dll
0x00007ff800c60000 - 0x00007ff8012e6000 	S:\Xilinx\Vivado\2020.1\lib\win64.o\librdi_filemgmt.dll
0x00007ff82af00000 - 0x00007ff82b155000 	S:\Xilinx\Vivado\2020.1\lib\win64.o\librdi_hip_devdesign.dll
0x00007ff83a6c0000 - 0x00007ff83a808000 	S:\Xilinx\Vivado\2020.1\lib\win64.o\librdi_hip_perf_analysis.dll
0x00007ff865980000 - 0x00007ff8659f4000 	S:\Xilinx\Vivado\2020.1\lib\win64.o\librdi_memoryarray.dll
0x00007ff800620000 - 0x00007ff800c5e000 	S:\Xilinx\Vivado\2020.1\lib\win64.o\librdi_memdata.dll
0x00007ffffe6a0000 - 0x00007ffffffea000 	S:\Xilinx\Vivado\2020.1\lib\win64.o\librdi_implflow.dll
0x00007ffffb820000 - 0x00007ffffe697000 	S:\Xilinx\Vivado\2020.1\lib\win64.o\librdi_mig.dll
0x00007ff8826c0000 - 0x00007ff88270e000 	S:\Xilinx\Vivado\2020.1\lib\win64.o\librdi_pfi.dll
0x00007ffffb110000 - 0x00007ffffb813000 	S:\Xilinx\Vivado\2020.1\lib\win64.o\librdi_netlist.dll
0x00007ffff8590000 - 0x00007ffffb101000 	S:\Xilinx\Vivado\2020.1\lib\win64.o\librdi_place.dll
0x00007ff8002c0000 - 0x00007ff800611000 	S:\Xilinx\Vivado\2020.1\lib\win64.o\librdi_platform.dll
0x00007ffff7d50000 - 0x00007ffff8584000 	S:\Xilinx\Vivado\2020.1\lib\win64.o\librdi_power.dll
0x00007ffff7750000 - 0x00007ffff7d45000 	S:\Xilinx\Vivado\2020.1\lib\win64.o\librdi_project.dll
0x00007ffff7010000 - 0x00007ffff774c000 	S:\Xilinx\Vivado\2020.1\lib\win64.o\librdi_psta.dll
0x00007ffff68a0000 - 0x00007ffff700f000 	S:\Xilinx\Vivado\2020.1\lib\win64.o\librdi_rsb.dll
0x00007ffff6400000 - 0x00007ffff689a000 	S:\Xilinx\Vivado\2020.1\lib\win64.o\librdi_runs.dll
0x00007ff853730000 - 0x00007ff853838000 	S:\Xilinx\Vivado\2020.1\lib\win64.o\librdi_runsbase.dll
0x00007ff800040000 - 0x00007ff8002b5000 	S:\Xilinx\Vivado\2020.1\lib\win64.o\librdi_simdata.dll
0x00007ff847ed0000 - 0x00007ff847fcf000 	S:\Xilinx\Vivado\2020.1\lib\win64.o\librdi_xhub.dll
0x00007ff861e00000 - 0x00007ff861ea8000 	S:\Xilinx\Vivado\2020.1\lib\win64.o\librdi_xhubtasks.dll
0x00007ffff54f0000 - 0x00007ffff63fa000 	S:\Xilinx\Vivado\2020.1\lib\win64.o\librdi_timing.dll
0x00007ff82d870000 - 0x00007ff82da43000 	S:\Xilinx\Vivado\2020.1\lib\win64.o\librdi_advchipscopeimpl.dll
0x00007ff87d1e0000 - 0x00007ff87d22c000 	S:\Xilinx\Vivado\2020.1\lib\win64.o\libboost_serialization.dll
0x00007ff872fa0000 - 0x00007ff872fed000 	S:\Xilinx\Vivado\2020.1\lib\win64.o\libboost_graph.dll
0x00007ff846110000 - 0x00007ff8461f8000 	S:\Xilinx\Vivado\2020.1\lib\win64.o\librdi_ipconfig_readwrite.dll
0x00007ff864b50000 - 0x00007ff864bbc000 	S:\Xilinx\Vivado\2020.1\lib\win64.o\librdi_noc_frameworks.dll
0x00007ff8666c0000 - 0x00007ff86670c000 	S:\Xilinx\Vivado\2020.1\lib\win64.o\librdi_bva.dll
0x00007ff82ab40000 - 0x00007ff82ad33000 	S:\Xilinx\Vivado\2020.1\lib\win64.o\librdi_hip_config.dll
0x00007ffff4fa0000 - 0x00007ffff54ee000 	S:\Xilinx\Vivado\2020.1\lib\win64.o\librdi_xdm.dll
0x00007ff860e40000 - 0x00007ff860ede000 	S:\Xilinx\Vivado\2020.1\lib\win64.o\libise.dll
0x00007ffff3e30000 - 0x00007ffff444e000 	S:\Xilinx\Vivado\2020.1\lib\win64.o\librdi_wavedata.dll

VM Arguments:
jvm_args: -Dsun.java2d.pmoffscreen=false -Dsun.java2d.xrender=false -Dsun.java2d.d3d=false -Dsun.awt.nopixfmt=true -Dsun.java2d.dpiaware=true -Dsun.java2d.uiScale.enabled=false -Xverify:none -Dswing.aatext=true -XX:-UsePerfData -Djdk.map.althashing.threshold=512 -XX:StringTableSize=4072 --add-opens=java.base/java.nio=ALL-UNNAMED --add-opens=java.desktop/sun.swing=ALL-UNNAMED --add-opens=java.desktop/javax.swing=ALL-UNNAMED --add-opens=java.desktop/javax.swing.tree=ALL-UNNAMED --add-opens=java.desktop/javax.swing.plaf.basic=ALL-UNNAMED --add-opens=java.desktop/javax.swing.plaf.synth=ALL-UNNAMED --add-opens=java.desktop/com.sun.awt=ALL-UNNAMED -XX:NewSize=60m -XX:MaxNewSize=60m -Xms128m -Xmx3072m -Xss5m 
java_command: <unknown>
java_class_path (initial): S:/Xilinx/Vivado/2020.1\lib\classes\alloy.jar;S:/Xilinx/Vivado/2020.1\lib\classes\ArchiveSummary.jar;S:/Xilinx/Vivado/2020.1\lib\classes\autoesl-models.jar;S:/Xilinx/Vivado/2020.1\lib\classes\autopilot.scelaborator.jar;S:/Xilinx/Vivado/2020.1\lib\classes\autopilot.sourceprocessor.jar;S:/Xilinx/Vivado/2020.1\lib\classes\autopilot.tbprocessor.jar;S:/Xilinx/Vivado/2020.1\lib\classes\batik-anim.jar;S:/Xilinx/Vivado/2020.1\lib\classes\batik-awt-util.jar;S:/Xilinx/Vivado/2020.1\lib\classes\batik-bridge.jar;S:/Xilinx/Vivado/2020.1\lib\classes\batik-codec.jar;S:/Xilinx/Vivado/2020.1\lib\classes\batik-css.jar;S:/Xilinx/Vivado/2020.1\lib\classes\batik-dom.jar;S:/Xilinx/Vivado/2020.1\lib\classes\batik-ext.jar;S:/Xilinx/Vivado/2020.1\lib\classes\batik-gui-util.jar;S:/Xilinx/Vivado/2020.1\lib\classes\batik-gvt.jar;S:/Xilinx/Vivado/2020.1\lib\classes\batik-parser.jar;S:/Xilinx/Vivado/2020.1\lib\classes\batik-script.jar;S:/Xilinx/Vivado/2020.1\lib\classes\batik-svg-dom.jar;S:/Xilinx/Vivado/2020.1\lib\classes\batik-swing.jar;S:/Xilinx/Vivado/2020.1\lib\classes\batik-transcoder.jar;S:/Xilinx/Vivado/2020.1\lib\classes\batik-util.jar;S:/Xilinx/Vivado/2020.1\lib\classes\batik-xml.jar;S:/Xilinx/Vivado/2020.1\lib\classes\com.google.gson_2.8.2.v20180104-1110.jar;S:/Xilinx/Vivado/2020.1\lib\classes\com.google.guava_27.1.0.v20190517-1946.jar;S:/Xilinx/Vivado/2020.1\lib\classes\com.ibm.icu_4.4.2.v20110208.jar;S:/Xilinx/Vivado/2020.1\lib\classes\com.sigasi.hdt.connection_4.8.0.202004151336.jar;S:/Xilinx/Vivado/2020.1\lib\classes\com.sigasi.hdt.epl_4.8.0.202004151336.jar;S:/Xilinx/Vivado/2020.1\lib\classes\com.sigasi.hdt.project_4.8.0.202004151336.jar;S:/Xilinx/Vivado/2020.1\lib\classes\com.sigasi.hdt.readonlyfilesystem_4.8.0.202004151336.jar;S:/Xilinx/Vivado/2020.1\lib\classes\com.sigasi.lcm_4.8.0.202004151336.jar;S:/Xilinx/Vivado/2020.1\lib\classes\com.sigasi.sdk.client_4.8.0.202004151336.jar;S:/Xilinx/Vivado/2020.1\lib\classes\com.xilinx.hls.services.jar;S:/Xili
Launcher Type: generic

Logging:
Log output configuration:
#0: stdout all=warning uptime,level,tags
#1: stderr all=off uptime,level,tags

Environment Variables:
PATH=S:/Xilinx/Vivado/2020.1/bin;S:/Xilinx/Vivado/2020.1/lib/win64.o;S:/Xilinx/Vivado/2020.1/tps/win64/jre9.0.4/bin/server;S:/Xilinx/Vivado/2020.1/tps/win64/jre9.0.4/bin;S:/Xilinx/Vivado/2020.1/ids_lite/ISE/bin/nt64;S:/Xilinx/Vivado/2020.1/ids_lite/ISE/lib/nt64;C:\Windows\system32;C:\Windows;C:\Windows\System32\Wbem;C:\Windows\System32\WindowsPowerShell\v1.0\;C:\Windows\System32\OpenSSH\;C:\Program Files\NVIDIA Corporation\NVIDIA NvDLISR;C:\Program Files (x86)\NVIDIA Corporation\PhysX\Common;C:\Program Files\Microsoft SQL Server\130\Tools\Binn\;C:\Program Files\Microsoft SQL Server\Client SDK\ODBC\170\Tools\Binn\;C:\Program Files\Git\cmd;C:\Program Files\nodejs\;C:\Program Files\dotnet\;C:\Users\cryst\AppData\Local\Microsoft\WindowsApps;;C:\Users\cryst\AppData\Local\Programs\Microsoft VS Code\bin;C:\Users\cryst\AppData\Roaming\npm;C:\Users\cryst\.dotnet\tools;S:/Xilinx/Vivado/2020.1\tps\mingw\6.2.0\win64.o\nt\bin;S:/Xilinx/Vivado/2020.1\tps\mingw\6.2.0\win64.o\nt\libexec\gcc\x86_64-w64-mingw32\6.2.0;S:/Xilinx/Vivado/2020.1\tps\win64\python-2.7.16;S:/Xilinx/Vivado/2020.1\tps\win64\python-2.7.16\bin;S:/Xilinx/Vivado/2020.1\tps\win64\python-2.7.16\lib;S:/Xilinx/Vivado/2020.1\tps\win64\python-2.7.16\Lib\lib-tk;S:/Xilinx/Vivado/2020.1\tps\win64\python-2.7.16\lib\site-packages
USERNAME=cryst
OS=Windows_NT
PROCESSOR_IDENTIFIER=Intel64 Family 6 Model 158 Stepping 10, GenuineIntel



---------------  S Y S T E M  ---------------

OS: Windows 10 , 64 bit Build 19041 (10.0.19041.546)

CPU:total 8 (initial active 8) (4 cores per cpu, 2 threads per core) family 6 model 158 stepping 10, cmov, cx8, fxsr, mmx, sse, sse2, sse3, ssse3, sse4.1, sse4.2, popcnt, avx, avx2, aes, clmul, erms, 3dnowpref, lzcnt, ht, tsc, tscinvbit, bmi1, bmi2, adx, fma

Memory: 4k page, physical 12454100k(3898112k free), swap 20580564k(6135760k free)

vm_info: Java HotSpot(TM) 64-Bit Server VM (9.0.4+11) for windows-amd64 JRE (9.0.4+11), built on Dec 20 2017 02:18:54 by "mach5one" with MS VC++ 12.0 (VS2013)

END.
